This is pdfTeX, Version 3.141592653-2.6-1.40.22 (TeX Live 2022/dev/Debian) (preloaded format=pdflatex 2026.6.9)  14 JUN 2026 02:14
entering extended mode
 restricted \write18 enabled.
 %&-line parsing enabled.
**main.tex
(./main.tex
LaTeX2e <2021-11-15> patch level 1
L3 programming layer <2022-01-21>
(/usr/share/texlive/texmf-dist/tex/latex/base/article.cls
Document Class: article 2021/10/04 v1.4n Standard LaTeX document class
(/usr/share/texlive/texmf-dist/tex/latex/base/size11.clo
File: size11.clo 2021/10/04 v1.4n Standard LaTeX file (size option)
)
\c@part=\count185
\c@section=\count186
\c@subsection=\count187
\c@subsubsection=\count188
\c@paragraph=\count189
\c@subparagraph=\count190
\c@figure=\count191
\c@table=\count192
\abovecaptionskip=\skip47
\belowcaptionskip=\skip48
\bibindent=\dimen138
)
(/usr/share/texlive/texmf-dist/tex/latex/geometry/geometry.sty
Package: geometry 2020/01/02 v5.9 Page Geometry

(/usr/share/texlive/texmf-dist/tex/latex/graphics/keyval.sty
Package: keyval 2014/10/28 v1.15 key=value parser (DPC)
\KV@toks@=\toks16
)
(/usr/share/texlive/texmf-dist/tex/generic/iftex/ifvtex.sty
Package: ifvtex 2019/10/25 v1.7 ifvtex legacy package. Use iftex instead.

(/usr/share/texlive/texmf-dist/tex/generic/iftex/iftex.sty
Package: iftex 2020/03/06 v1.0d TeX engine tests
))
\Gm@cnth=\count193
\Gm@cntv=\count194
\c@Gm@tempcnt=\count195
\Gm@bindingoffset=\dimen139
\Gm@wd@mp=\dimen140
\Gm@odd@mp=\dimen141
\Gm@even@mp=\dimen142
\Gm@layoutwidth=\dimen143
\Gm@layoutheight=\dimen144
\Gm@layouthoffset=\dimen145
\Gm@layoutvoffset=\dimen146
\Gm@dimlist=\toks17
)
(/usr/share/texlive/texmf-dist/tex/latex/base/inputenc.sty
Package: inputenc 2021/02/14 v1.3d Input encoding file
\inpenc@prehook=\toks18
\inpenc@posthook=\toks19
)
(/usr/share/texlive/texmf-dist/tex/latex/base/fontenc.sty
Package: fontenc 2021/04/29 v2.0v Standard LaTeX package
)
(/usr/share/texlive/texmf-dist/tex/latex/graphics/graphicx.sty
Package: graphicx 2021/09/16 v1.2d Enhanced LaTeX Graphics (DPC,SPQR)

(/usr/share/texlive/texmf-dist/tex/latex/graphics/graphics.sty
Package: graphics 2021/03/04 v1.4d Standard LaTeX Graphics (DPC,SPQR)

(/usr/share/texlive/texmf-dist/tex/latex/graphics/trig.sty
Package: trig 2021/08/11 v1.11 sin cos tan (DPC)
)
(/usr/share/texlive/texmf-dist/tex/latex/graphics-cfg/graphics.cfg
File: graphics.cfg 2016/06/04 v1.11 sample graphics configuration
)
Package graphics Info: Driver file: pdftex.def on input line 107.

(/usr/share/texlive/texmf-dist/tex/latex/graphics-def/pdftex.def
File: pdftex.def 2020/10/05 v1.2a Graphics/color driver for pdftex
))
\Gin@req@height=\dimen147
\Gin@req@width=\dimen148
)
(/usr/share/texlive/texmf-dist/tex/latex/xcolor/xcolor.sty
Package: xcolor 2021/10/31 v2.13 LaTeX color extensions (UK)

(/usr/share/texlive/texmf-dist/tex/latex/graphics-cfg/color.cfg
File: color.cfg 2016/01/02 v1.6 sample color configuration
)
Package xcolor Info: Driver file: pdftex.def on input line 227.
Package xcolor Info: Model `cmy' substituted by `cmy0' on input line 1352.
Package xcolor Info: Model `hsb' substituted by `rgb' on input line 1356.
Package xcolor Info: Model `RGB' extended on input line 1368.
Package xcolor Info: Model `HTML' substituted by `rgb' on input line 1370.
Package xcolor Info: Model `Hsb' substituted by `hsb' on input line 1371.
Package xcolor Info: Model `tHsb' substituted by `hsb' on input line 1372.
Package xcolor Info: Model `HSB' substituted by `hsb' on input line 1373.
Package xcolor Info: Model `Gray' substituted by `gray' on input line 1374.
Package xcolor Info: Model `wave' substituted by `hsb' on input line 1375.
)
(/usr/share/texlive/texmf-dist/tex/latex/booktabs/booktabs.sty
Package: booktabs 2020/01/12 v1.61803398 Publication quality tables
\heavyrulewidth=\dimen149
\lightrulewidth=\dimen150
\cmidrulewidth=\dimen151
\belowrulesep=\dimen152
\belowbottomsep=\dimen153
\aboverulesep=\dimen154
\abovetopsep=\dimen155
\cmidrulesep=\dimen156
\cmidrulekern=\dimen157
\defaultaddspace=\dimen158
\@cmidla=\count196
\@cmidlb=\count197
\@aboverulesep=\dimen159
\@belowrulesep=\dimen160
\@thisruleclass=\count198
\@lastruleclass=\count199
\@thisrulewidth=\dimen161
)
(/usr/share/texlive/texmf-dist/tex/latex/tools/longtable.sty
Package: longtable 2021-09-01 v4.17 Multi-page Table package (DPC)
\LTleft=\skip49
\LTright=\skip50
\LTpre=\skip51
\LTpost=\skip52
\LTchunksize=\count266
\LTcapwidth=\dimen162
\LT@head=\box50
\LT@firsthead=\box51
\LT@foot=\box52
\LT@lastfoot=\box53
\LT@gbox=\box54
\LT@cols=\count267
\LT@rows=\count268
\c@LT@tables=\count269
\c@LT@chunks=\count270
\LT@p@ftn=\toks20
)
(/usr/share/texlive/texmf-dist/tex/latex/tools/array.sty
Package: array 2021/10/04 v2.5f Tabular extension package (FMi)
\col@sep=\dimen163
\ar@mcellbox=\box55
\extrarowheight=\dimen164
\NC@list=\toks21
\extratabsurround=\skip53
\backup@length=\skip54
\ar@cellbox=\box56
)
(/usr/share/texlive/texmf-dist/tex/latex/listings/listings.sty
\lst@mode=\count271
\lst@gtempboxa=\box57
\lst@token=\toks22
\lst@length=\count272
\lst@currlwidth=\dimen165
\lst@column=\count273
\lst@pos=\count274
\lst@lostspace=\dimen166
\lst@width=\dimen167
\lst@newlines=\count275
\lst@lineno=\count276
\lst@maxwidth=\dimen168

(/usr/share/texlive/texmf-dist/tex/latex/listings/lstmisc.sty
File: lstmisc.sty 2020/03/24 1.8d (Carsten Heinz)
\c@lstnumber=\count277
\lst@skipnumbers=\count278
\lst@framebox=\box58
)
(/usr/share/texlive/texmf-dist/tex/latex/listings/listings.cfg
File: listings.cfg 2020/03/24 1.8d listings configuration
))
Package: listings 2020/03/24 1.8d (Carsten Heinz)

(/usr/share/texlive/texmf-dist/tex/latex/pgf/frontendlayer/tikz.sty
(/usr/share/texlive/texmf-dist/tex/latex/pgf/basiclayer/pgf.sty
(/usr/share/texlive/texmf-dist/tex/latex/pgf/utilities/pgfrcs.sty
(/usr/share/texlive/texmf-dist/tex/generic/pgf/utilities/pgfutil-common.tex
\pgfutil@everybye=\toks23
\pgfutil@tempdima=\dimen169
\pgfutil@tempdimb=\dimen170

(/usr/share/texlive/texmf-dist/tex/generic/pgf/utilities/pgfutil-common-lists.t
ex)) (/usr/share/texlive/texmf-dist/tex/generic/pgf/utilities/pgfutil-latex.def
\pgfutil@abb=\box59
) (/usr/share/texlive/texmf-dist/tex/generic/pgf/utilities/pgfrcs.code.tex
(/usr/share/texlive/texmf-dist/tex/generic/pgf/pgf.revision.tex)
Package: pgfrcs 2021/05/15 v3.1.9a (3.1.9a)
))
Package: pgf 2021/05/15 v3.1.9a (3.1.9a)

(/usr/share/texlive/texmf-dist/tex/latex/pgf/basiclayer/pgfcore.sty
(/usr/share/texlive/texmf-dist/tex/latex/pgf/systemlayer/pgfsys.sty
(/usr/share/texlive/texmf-dist/tex/generic/pgf/systemlayer/pgfsys.code.tex
Package: pgfsys 2021/05/15 v3.1.9a (3.1.9a)

(/usr/share/texlive/texmf-dist/tex/generic/pgf/utilities/pgfkeys.code.tex
\pgfkeys@pathtoks=\toks24
\pgfkeys@temptoks=\toks25

(/usr/share/texlive/texmf-dist/tex/generic/pgf/utilities/pgfkeysfiltered.code.t
ex
\pgfkeys@tmptoks=\toks26
))
\pgf@x=\dimen171
\pgf@y=\dimen172
\pgf@xa=\dimen173
\pgf@ya=\dimen174
\pgf@xb=\dimen175
\pgf@yb=\dimen176
\pgf@xc=\dimen177
\pgf@yc=\dimen178
\pgf@xd=\dimen179
\pgf@yd=\dimen180
\w@pgf@writea=\write3
\r@pgf@reada=\read2
\c@pgf@counta=\count279
\c@pgf@countb=\count280
\c@pgf@countc=\count281
\c@pgf@countd=\count282
\t@pgf@toka=\toks27
\t@pgf@tokb=\toks28
\t@pgf@tokc=\toks29
\pgf@sys@id@count=\count283
 (/usr/share/texlive/texmf-dist/tex/generic/pgf/systemlayer/pgf.cfg
File: pgf.cfg 2021/05/15 v3.1.9a (3.1.9a)
)
Driver file for pgf: pgfsys-pdftex.def

(/usr/share/texlive/texmf-dist/tex/generic/pgf/systemlayer/pgfsys-pdftex.def
File: pgfsys-pdftex.def 2021/05/15 v3.1.9a (3.1.9a)

(/usr/share/texlive/texmf-dist/tex/generic/pgf/systemlayer/pgfsys-common-pdf.de
f
File: pgfsys-common-pdf.def 2021/05/15 v3.1.9a (3.1.9a)
)))
(/usr/share/texlive/texmf-dist/tex/generic/pgf/systemlayer/pgfsyssoftpath.code.
tex
File: pgfsyssoftpath.code.tex 2021/05/15 v3.1.9a (3.1.9a)
\pgfsyssoftpath@smallbuffer@items=\count284
\pgfsyssoftpath@bigbuffer@items=\count285
)
(/usr/share/texlive/texmf-dist/tex/generic/pgf/systemlayer/pgfsysprotocol.code.
tex
File: pgfsysprotocol.code.tex 2021/05/15 v3.1.9a (3.1.9a)
))
(/usr/share/texlive/texmf-dist/tex/generic/pgf/basiclayer/pgfcore.code.tex
Package: pgfcore 2021/05/15 v3.1.9a (3.1.9a)

(/usr/share/texlive/texmf-dist/tex/generic/pgf/math/pgfmath.code.tex
(/usr/share/texlive/texmf-dist/tex/generic/pgf/math/pgfmathcalc.code.tex
(/usr/share/texlive/texmf-dist/tex/generic/pgf/math/pgfmathutil.code.tex)
(/usr/share/texlive/texmf-dist/tex/generic/pgf/math/pgfmathparser.code.tex
\pgfmath@dimen=\dimen181
\pgfmath@count=\count286
\pgfmath@box=\box60
\pgfmath@toks=\toks30
\pgfmath@stack@operand=\toks31
\pgfmath@stack@operation=\toks32
)
(/usr/share/texlive/texmf-dist/tex/generic/pgf/math/pgfmathfunctions.code.tex
(/usr/share/texlive/texmf-dist/tex/generic/pgf/math/pgfmathfunctions.basic.code
.tex)
(/usr/share/texlive/texmf-dist/tex/generic/pgf/math/pgfmathfunctions.trigonomet
ric.code.tex)
(/usr/share/texlive/texmf-dist/tex/generic/pgf/math/pgfmathfunctions.random.cod
e.tex)
(/usr/share/texlive/texmf-dist/tex/generic/pgf/math/pgfmathfunctions.comparison
.code.tex)
(/usr/share/texlive/texmf-dist/tex/generic/pgf/math/pgfmathfunctions.base.code.
tex)
(/usr/share/texlive/texmf-dist/tex/generic/pgf/math/pgfmathfunctions.round.code
.tex)
(/usr/share/texlive/texmf-dist/tex/generic/pgf/math/pgfmathfunctions.misc.code.
tex)
(/usr/share/texlive/texmf-dist/tex/generic/pgf/math/pgfmathfunctions.integerari
thmetics.code.tex)))
(/usr/share/texlive/texmf-dist/tex/generic/pgf/math/pgfmathfloat.code.tex
\c@pgfmathroundto@lastzeros=\count287
))
(/usr/share/texlive/texmf-dist/tex/generic/pgf/math/pgfint.code.tex)
(/usr/share/texlive/texmf-dist/tex/generic/pgf/basiclayer/pgfcorepoints.code.te
x
File: pgfcorepoints.code.tex 2021/05/15 v3.1.9a (3.1.9a)
\pgf@picminx=\dimen182
\pgf@picmaxx=\dimen183
\pgf@picminy=\dimen184
\pgf@picmaxy=\dimen185
\pgf@pathminx=\dimen186
\pgf@pathmaxx=\dimen187
\pgf@pathminy=\dimen188
\pgf@pathmaxy=\dimen189
\pgf@xx=\dimen190
\pgf@xy=\dimen191
\pgf@yx=\dimen192
\pgf@yy=\dimen193
\pgf@zx=\dimen194
\pgf@zy=\dimen195
)
(/usr/share/texlive/texmf-dist/tex/generic/pgf/basiclayer/pgfcorepathconstruct.
code.tex
File: pgfcorepathconstruct.code.tex 2021/05/15 v3.1.9a (3.1.9a)
\pgf@path@lastx=\dimen196
\pgf@path@lasty=\dimen197
)
(/usr/share/texlive/texmf-dist/tex/generic/pgf/basiclayer/pgfcorepathusage.code
.tex
File: pgfcorepathusage.code.tex 2021/05/15 v3.1.9a (3.1.9a)
\pgf@shorten@end@additional=\dimen198
\pgf@shorten@start@additional=\dimen199
)
(/usr/share/texlive/texmf-dist/tex/generic/pgf/basiclayer/pgfcorescopes.code.te
x
File: pgfcorescopes.code.tex 2021/05/15 v3.1.9a (3.1.9a)
\pgfpic=\box61
\pgf@hbox=\box62
\pgf@layerbox@main=\box63
\pgf@picture@serial@count=\count288
)
(/usr/share/texlive/texmf-dist/tex/generic/pgf/basiclayer/pgfcoregraphicstate.c
ode.tex
File: pgfcoregraphicstate.code.tex 2021/05/15 v3.1.9a (3.1.9a)
\pgflinewidth=\dimen256
)
(/usr/share/texlive/texmf-dist/tex/generic/pgf/basiclayer/pgfcoretransformation
s.code.tex
File: pgfcoretransformations.code.tex 2021/05/15 v3.1.9a (3.1.9a)
\pgf@pt@x=\dimen257
\pgf@pt@y=\dimen258
\pgf@pt@temp=\dimen259
)
(/usr/share/texlive/texmf-dist/tex/generic/pgf/basiclayer/pgfcorequick.code.tex
File: pgfcorequick.code.tex 2021/05/15 v3.1.9a (3.1.9a)
)
(/usr/share/texlive/texmf-dist/tex/generic/pgf/basiclayer/pgfcoreobjects.code.t
ex
File: pgfcoreobjects.code.tex 2021/05/15 v3.1.9a (3.1.9a)
)
(/usr/share/texlive/texmf-dist/tex/generic/pgf/basiclayer/pgfcorepathprocessing
.code.tex
File: pgfcorepathprocessing.code.tex 2021/05/15 v3.1.9a (3.1.9a)
)
(/usr/share/texlive/texmf-dist/tex/generic/pgf/basiclayer/pgfcorearrows.code.te
x
File: pgfcorearrows.code.tex 2021/05/15 v3.1.9a (3.1.9a)
\pgfarrowsep=\dimen260
)
(/usr/share/texlive/texmf-dist/tex/generic/pgf/basiclayer/pgfcoreshade.code.tex
File: pgfcoreshade.code.tex 2021/05/15 v3.1.9a (3.1.9a)
\pgf@max=\dimen261
\pgf@sys@shading@range@num=\count289
\pgf@shadingcount=\count290
)
(/usr/share/texlive/texmf-dist/tex/generic/pgf/basiclayer/pgfcoreimage.code.tex
File: pgfcoreimage.code.tex 2021/05/15 v3.1.9a (3.1.9a)

(/usr/share/texlive/texmf-dist/tex/generic/pgf/basiclayer/pgfcoreexternal.code.
tex
File: pgfcoreexternal.code.tex 2021/05/15 v3.1.9a (3.1.9a)
\pgfexternal@startupbox=\box64
))
(/usr/share/texlive/texmf-dist/tex/generic/pgf/basiclayer/pgfcorelayers.code.te
x
File: pgfcorelayers.code.tex 2021/05/15 v3.1.9a (3.1.9a)
)
(/usr/share/texlive/texmf-dist/tex/generic/pgf/basiclayer/pgfcoretransparency.c
ode.tex
File: pgfcoretransparency.code.tex 2021/05/15 v3.1.9a (3.1.9a)
)
(/usr/share/texlive/texmf-dist/tex/generic/pgf/basiclayer/pgfcorepatterns.code.
tex
File: pgfcorepatterns.code.tex 2021/05/15 v3.1.9a (3.1.9a)
)
(/usr/share/texlive/texmf-dist/tex/generic/pgf/basiclayer/pgfcorerdf.code.tex
File: pgfcorerdf.code.tex 2021/05/15 v3.1.9a (3.1.9a)
)))
(/usr/share/texlive/texmf-dist/tex/generic/pgf/modules/pgfmoduleshapes.code.tex
File: pgfmoduleshapes.code.tex 2021/05/15 v3.1.9a (3.1.9a)
\pgfnodeparttextbox=\box65
) (/usr/share/texlive/texmf-dist/tex/generic/pgf/modules/pgfmoduleplot.code.tex
File: pgfmoduleplot.code.tex 2021/05/15 v3.1.9a (3.1.9a)
)
(/usr/share/texlive/texmf-dist/tex/latex/pgf/compatibility/pgfcomp-version-0-65
.sty
Package: pgfcomp-version-0-65 2021/05/15 v3.1.9a (3.1.9a)
\pgf@nodesepstart=\dimen262
\pgf@nodesepend=\dimen263
)
(/usr/share/texlive/texmf-dist/tex/latex/pgf/compatibility/pgfcomp-version-1-18
.sty
Package: pgfcomp-version-1-18 2021/05/15 v3.1.9a (3.1.9a)
)) (/usr/share/texlive/texmf-dist/tex/latex/pgf/utilities/pgffor.sty
(/usr/share/texlive/texmf-dist/tex/latex/pgf/utilities/pgfkeys.sty
(/usr/share/texlive/texmf-dist/tex/generic/pgf/utilities/pgfkeys.code.tex))
(/usr/share/texlive/texmf-dist/tex/latex/pgf/math/pgfmath.sty
(/usr/share/texlive/texmf-dist/tex/generic/pgf/math/pgfmath.code.tex))
(/usr/share/texlive/texmf-dist/tex/generic/pgf/utilities/pgffor.code.tex
Package: pgffor 2021/05/15 v3.1.9a (3.1.9a)

(/usr/share/texlive/texmf-dist/tex/generic/pgf/math/pgfmath.code.tex)
\pgffor@iter=\dimen264
\pgffor@skip=\dimen265
\pgffor@stack=\toks33
\pgffor@toks=\toks34
))
(/usr/share/texlive/texmf-dist/tex/generic/pgf/frontendlayer/tikz/tikz.code.tex
Package: tikz 2021/05/15 v3.1.9a (3.1.9a)

(/usr/share/texlive/texmf-dist/tex/generic/pgf/libraries/pgflibraryplothandlers
.code.tex
File: pgflibraryplothandlers.code.tex 2021/05/15 v3.1.9a (3.1.9a)
\pgf@plot@mark@count=\count291
\pgfplotmarksize=\dimen266
)
\tikz@lastx=\dimen267
\tikz@lasty=\dimen268
\tikz@lastxsaved=\dimen269
\tikz@lastysaved=\dimen270
\tikz@lastmovetox=\dimen271
\tikz@lastmovetoy=\dimen272
\tikzleveldistance=\dimen273
\tikzsiblingdistance=\dimen274
\tikz@figbox=\box66
\tikz@figbox@bg=\box67
\tikz@tempbox=\box68
\tikz@tempbox@bg=\box69
\tikztreelevel=\count292
\tikznumberofchildren=\count293
\tikznumberofcurrentchild=\count294
\tikz@fig@count=\count295

(/usr/share/texlive/texmf-dist/tex/generic/pgf/modules/pgfmodulematrix.code.tex
File: pgfmodulematrix.code.tex 2021/05/15 v3.1.9a (3.1.9a)
\pgfmatrixcurrentrow=\count296
\pgfmatrixcurrentcolumn=\count297
\pgf@matrix@numberofcolumns=\count298
)
\tikz@expandcount=\count299

(/usr/share/texlive/texmf-dist/tex/generic/pgf/frontendlayer/tikz/libraries/tik
zlibrarytopaths.code.tex
File: tikzlibrarytopaths.code.tex 2021/05/15 v3.1.9a (3.1.9a)
)))
(/usr/share/texlive/texmf-dist/tex/generic/pgf/frontendlayer/tikz/libraries/tik
zlibrarypositioning.code.tex
File: tikzlibrarypositioning.code.tex 2021/05/15 v3.1.9a (3.1.9a)
)
(/usr/share/texlive/texmf-dist/tex/generic/pgf/frontendlayer/tikz/libraries/tik
zlibraryfit.code.tex
File: tikzlibraryfit.code.tex 2021/05/15 v3.1.9a (3.1.9a)
)
(/usr/share/texlive/texmf-dist/tex/generic/pgf/libraries/pgflibraryarrows.meta.
code.tex
File: pgflibraryarrows.meta.code.tex 2021/05/15 v3.1.9a (3.1.9a)
\pgfarrowinset=\dimen275
\pgfarrowlength=\dimen276
\pgfarrowwidth=\dimen277
\pgfarrowlinewidth=\dimen278
)
(/usr/share/texlive/texmf-dist/tex/generic/pgf/frontendlayer/tikz/libraries/tik
zlibrarycalc.code.tex
File: tikzlibrarycalc.code.tex 2021/05/15 v3.1.9a (3.1.9a)
)
(/usr/share/texlive/texmf-dist/tex/latex/amsmath/amsmath.sty
Package: amsmath 2021/10/15 v2.17l AMS math features
\@mathmargin=\skip55

For additional information on amsmath, use the `?' option.
(/usr/share/texlive/texmf-dist/tex/latex/amsmath/amstext.sty
Package: amstext 2021/08/26 v2.01 AMS text

(/usr/share/texlive/texmf-dist/tex/latex/amsmath/amsgen.sty
File: amsgen.sty 1999/11/30 v2.0 generic functions
\@emptytoks=\toks35
\ex@=\dimen279
))
(/usr/share/texlive/texmf-dist/tex/latex/amsmath/amsbsy.sty
Package: amsbsy 1999/11/29 v1.2d Bold Symbols
\pmbraise@=\dimen280
)
(/usr/share/texlive/texmf-dist/tex/latex/amsmath/amsopn.sty
Package: amsopn 2021/08/26 v2.02 operator names
)
\inf@bad=\count300
LaTeX Info: Redefining \frac on input line 234.
\uproot@=\count301
\leftroot@=\count302
LaTeX Info: Redefining \overline on input line 399.
\classnum@=\count303
\DOTSCASE@=\count304
LaTeX Info: Redefining \ldots on input line 496.
LaTeX Info: Redefining \dots on input line 499.
LaTeX Info: Redefining \cdots on input line 620.
\Mathstrutbox@=\box70
\strutbox@=\box71
\big@size=\dimen281
LaTeX Font Info:    Redeclaring font encoding OML on input line 743.
LaTeX Font Info:    Redeclaring font encoding OMS on input line 744.
\macc@depth=\count305
\c@MaxMatrixCols=\count306
\dotsspace@=\muskip16
\c@parentequation=\count307
\dspbrk@lvl=\count308
\tag@help=\toks36
\row@=\count309
\column@=\count310
\maxfields@=\count311
\andhelp@=\toks37
\eqnshift@=\dimen282
\alignsep@=\dimen283
\tagshift@=\dimen284
\tagwidth@=\dimen285
\totwidth@=\dimen286
\lineht@=\dimen287
\@envbody=\toks38
\multlinegap=\skip56
\multlinetaggap=\skip57
\mathdisplay@stack=\toks39
LaTeX Info: Redefining \[ on input line 2938.
LaTeX Info: Redefining \] on input line 2939.
)
(/usr/share/texlive/texmf-dist/tex/latex/hyperref/hyperref.sty
Package: hyperref 2021-06-07 v7.00m Hypertext links for LaTeX

(/usr/share/texlive/texmf-dist/tex/generic/ltxcmds/ltxcmds.sty
Package: ltxcmds 2020-05-10 v1.25 LaTeX kernel commands for general use (HO)
)
(/usr/share/texlive/texmf-dist/tex/generic/pdftexcmds/pdftexcmds.sty
Package: pdftexcmds 2020-06-27 v0.33 Utility functions of pdfTeX for LuaTeX (HO
)

(/usr/share/texlive/texmf-dist/tex/generic/infwarerr/infwarerr.sty
Package: infwarerr 2019/12/03 v1.5 Providing info/warning/error messages (HO)
)
Package pdftexcmds Info: \pdf@primitive is available.
Package pdftexcmds Info: \pdf@ifprimitive is available.
Package pdftexcmds Info: \pdfdraftmode found.
)
(/usr/share/texlive/texmf-dist/tex/generic/kvsetkeys/kvsetkeys.sty
Package: kvsetkeys 2019/12/15 v1.18 Key value parser (HO)
)
(/usr/share/texlive/texmf-dist/tex/generic/kvdefinekeys/kvdefinekeys.sty
Package: kvdefinekeys 2019-12-19 v1.6 Define keys (HO)
)
(/usr/share/texlive/texmf-dist/tex/generic/pdfescape/pdfescape.sty
Package: pdfescape 2019/12/09 v1.15 Implements pdfTeX's escape features (HO)
)
(/usr/share/texlive/texmf-dist/tex/latex/hycolor/hycolor.sty
Package: hycolor 2020-01-27 v1.10 Color options for hyperref/bookmark (HO)
)
(/usr/share/texlive/texmf-dist/tex/latex/letltxmacro/letltxmacro.sty
Package: letltxmacro 2019/12/03 v1.6 Let assignment for LaTeX macros (HO)
)
(/usr/share/texlive/texmf-dist/tex/latex/auxhook/auxhook.sty
Package: auxhook 2019-12-17 v1.6 Hooks for auxiliary files (HO)
)
(/usr/share/texlive/texmf-dist/tex/latex/kvoptions/kvoptions.sty
Package: kvoptions 2020-10-07 v3.14 Key value format for package options (HO)
)
\@linkdim=\dimen288
\Hy@linkcounter=\count312
\Hy@pagecounter=\count313

(/usr/share/texlive/texmf-dist/tex/latex/hyperref/pd1enc.def
File: pd1enc.def 2021-06-07 v7.00m Hyperref: PDFDocEncoding definition (HO)
Now handling font encoding PD1 ...
... no UTF-8 mapping file for font encoding PD1
)
(/usr/share/texlive/texmf-dist/tex/latex/hyperref/hyperref-langpatches.def
File: hyperref-langpatches.def 2021-06-07 v7.00m Hyperref: patches for babel la
nguages
)
(/usr/share/texlive/texmf-dist/tex/generic/intcalc/intcalc.sty
Package: intcalc 2019/12/15 v1.3 Expandable calculations with integers (HO)
)
(/usr/share/texlive/texmf-dist/tex/generic/etexcmds/etexcmds.sty
Package: etexcmds 2019/12/15 v1.7 Avoid name clashes with e-TeX commands (HO)
)
\Hy@SavedSpaceFactor=\count314

(/usr/share/texlive/texmf-dist/tex/latex/hyperref/puenc.def
File: puenc.def 2021-06-07 v7.00m Hyperref: PDF Unicode definition (HO)
Now handling font encoding PU ...
... no UTF-8 mapping file for font encoding PU
)
Package hyperref Info: Hyper figures OFF on input line 4192.
Package hyperref Info: Link nesting OFF on input line 4197.
Package hyperref Info: Hyper index ON on input line 4200.
Package hyperref Info: Plain pages OFF on input line 4207.
Package hyperref Info: Backreferencing OFF on input line 4212.
Package hyperref Info: Implicit mode ON; LaTeX internals redefined.
Package hyperref Info: Bookmarks ON on input line 4445.
\c@Hy@tempcnt=\count315

(/usr/share/texlive/texmf-dist/tex/latex/url/url.sty
\Urlmuskip=\muskip17
Package: url 2013/09/16  ver 3.4  Verb mode for urls, etc.
)
LaTeX Info: Redefining \url on input line 4804.
\XeTeXLinkMargin=\dimen289

(/usr/share/texlive/texmf-dist/tex/generic/bitset/bitset.sty
Package: bitset 2019/12/09 v1.3 Handle bit-vector datatype (HO)

(/usr/share/texlive/texmf-dist/tex/generic/bigintcalc/bigintcalc.sty
Package: bigintcalc 2019/12/15 v1.5 Expandable calculations on big integers (HO
)
))
\Fld@menulength=\count316
\Field@Width=\dimen290
\Fld@charsize=\dimen291
Package hyperref Info: Hyper figures OFF on input line 6076.
Package hyperref Info: Link nesting OFF on input line 6081.
Package hyperref Info: Hyper index ON on input line 6084.
Package hyperref Info: backreferencing OFF on input line 6091.
Package hyperref Info: Link coloring OFF on input line 6096.
Package hyperref Info: Link coloring with OCG OFF on input line 6101.
Package hyperref Info: PDF/A mode OFF on input line 6106.
LaTeX Info: Redefining \ref on input line 6146.
LaTeX Info: Redefining \pageref on input line 6150.

(/usr/share/texlive/texmf-dist/tex/latex/base/atbegshi-ltx.sty
Package: atbegshi-ltx 2021/01/10 v1.0c Emulation of the original atbegshi
package with kernel methods
)
\Hy@abspage=\count317
\c@Item=\count318
\c@Hfootnote=\count319
)
Package hyperref Info: Driver (autodetected): hpdftex.

(/usr/share/texlive/texmf-dist/tex/latex/hyperref/hpdftex.def
File: hpdftex.def 2021-06-07 v7.00m Hyperref driver for pdfTeX

(/usr/share/texlive/texmf-dist/tex/latex/base/atveryend-ltx.sty
Package: atveryend-ltx 2020/08/19 v1.0a Emulation of the original atveryend pac
kage
with kernel methods
)
\Fld@listcount=\count320
\c@bookmark@seq@number=\count321

(/usr/share/texlive/texmf-dist/tex/latex/rerunfilecheck/rerunfilecheck.sty
Package: rerunfilecheck 2019/12/05 v1.9 Rerun checks for auxiliary files (HO)

(/usr/share/texlive/texmf-dist/tex/generic/uniquecounter/uniquecounter.sty
Package: uniquecounter 2019/12/15 v1.4 Provide unlimited unique counter (HO)
)
Package uniquecounter Info: New unique counter `rerunfilecheck' on input line 2
86.
)
\Hy@SectionHShift=\skip58
)
(/usr/share/texlive/texmf-dist/tex/latex/caption/caption.sty
Package: caption 2020/10/26 v3.5g Customizing captions (AR)

(/usr/share/texlive/texmf-dist/tex/latex/caption/caption3.sty
Package: caption3 2020/10/21 v2.2e caption3 kernel (AR)
\captionmargin=\dimen292
\captionmargin@=\dimen293
\captionwidth=\dimen294
\caption@tempdima=\dimen295
\caption@indent=\dimen296
\caption@parindent=\dimen297
\caption@hangindent=\dimen298
Package caption Info: Standard document class detected.
)
\c@caption@flags=\count322
\c@continuedfloat=\count323
Package caption Info: hyperref package is loaded.
Package caption Info: listings package is loaded.
Package caption Info: longtable package is loaded.

(/usr/share/texlive/texmf-dist/tex/latex/caption/ltcaption.sty
Package: ltcaption 2020/05/30 v1.4b longtable captions (AR)
))
(/usr/share/texlive/texmf-dist/tex/latex/enumitem/enumitem.sty
Package: enumitem 2019/06/20 v3.9 Customized lists
\labelindent=\skip59
\enit@outerparindent=\dimen299
\enit@toks=\toks40
\enit@inbox=\box72
\enit@count@id=\count324
\enitdp@description=\count325
)
(/usr/share/texlive/texmf-dist/tex/latex/fancyhdr/fancyhdr.sty
Package: fancyhdr 2021/01/28 v4.0.1 Extensive control of page headers and foote
rs
\f@nch@headwidth=\skip60
\f@nch@O@elh=\skip61
\f@nch@O@erh=\skip62
\f@nch@O@olh=\skip63
\f@nch@O@orh=\skip64
\f@nch@O@elf=\skip65
\f@nch@O@erf=\skip66
\f@nch@O@olf=\skip67
\f@nch@O@orf=\skip68
)
(/usr/share/texlive/texmf-dist/tex/latex/titlesec/titlesec.sty
Package: titlesec 2021/07/05 v2.14 Sectioning titles
\ttl@box=\box73
\beforetitleunit=\skip69
\aftertitleunit=\skip70
\ttl@plus=\dimen300
\ttl@minus=\dimen301
\ttl@toksa=\toks41
\titlewidth=\dimen302
\titlewidthlast=\dimen303
\titlewidthfirst=\dimen304
)
(/usr/share/texlive/texmf-dist/tex/latex/l3backend/l3backend-pdftex.def
File: l3backend-pdftex.def 2022-01-12 L3 backend support: PDF output (pdfTeX)
\l__color_backend_stack_int=\count326
\l__pdf_internal_box=\box74
)
(./main.aux)
\openout1 = `main.aux'.

LaTeX Font Info:    Checking defaults for OML/cmm/m/it on input line 117.
LaTeX Font Info:    ... okay on input line 117.
LaTeX Font Info:    Checking defaults for OMS/cmsy/m/n on input line 117.
LaTeX Font Info:    ... okay on input line 117.
LaTeX Font Info:    Checking defaults for OT1/cmr/m/n on input line 117.
LaTeX Font Info:    ... okay on input line 117.
LaTeX Font Info:    Checking defaults for T1/cmr/m/n on input line 117.
LaTeX Font Info:    ... okay on input line 117.
LaTeX Font Info:    Checking defaults for TS1/cmr/m/n on input line 117.
LaTeX Font Info:    ... okay on input line 117.
LaTeX Font Info:    Checking defaults for OMX/cmex/m/n on input line 117.
LaTeX Font Info:    ... okay on input line 117.
LaTeX Font Info:    Checking defaults for U/cmr/m/n on input line 117.
LaTeX Font Info:    ... okay on input line 117.
LaTeX Font Info:    Checking defaults for PD1/pdf/m/n on input line 117.
LaTeX Font Info:    ... okay on input line 117.
LaTeX Font Info:    Checking defaults for PU/pdf/m/n on input line 117.
LaTeX Font Info:    ... okay on input line 117.

*geometry* driver: auto-detecting
*geometry* detected driver: pdftex
*geometry* verbose mode - [ preamble ] result:
* driver: pdftex
* paper: a4paper
* layout: <same size as paper>
* layoutoffset:(h,v)=(0.0pt,0.0pt)
* modes: 
* h-part:(L,W,R)=(71.13188pt, 455.24411pt, 71.13188pt)
* v-part:(T,H,B)=(71.13188pt, 702.78308pt, 71.13188pt)
* \paperwidth=597.50787pt
* \paperheight=845.04684pt
* \textwidth=455.24411pt
* \textheight=702.78308pt
* \oddsidemargin=-1.1381pt
* \evensidemargin=-1.1381pt
* \topmargin=-38.1381pt
* \headheight=14.0pt
* \headsep=25.0pt
* \topskip=11.0pt
* \footskip=30.0pt
* \marginparwidth=50.0pt
* \marginparsep=10.0pt
* \columnsep=10.0pt
* \skip\footins=10.0pt plus 4.0pt minus 2.0pt
* \hoffset=0.0pt
* \voffset=0.0pt
* \mag=1000
* \@twocolumnfalse
* \@twosidefalse
* \@mparswitchfalse
* \@reversemarginfalse
* (1in=72.27pt=25.4mm, 1cm=28.453pt)

(/usr/share/texlive/texmf-dist/tex/context/base/mkii/supp-pdf.mkii
[Loading MPS to PDF converter (version 2006.09.02).]
\scratchcounter=\count327
\scratchdimen=\dimen305
\scratchbox=\box75
\nofMPsegments=\count328
\nofMParguments=\count329
\everyMPshowfont=\toks42
\MPscratchCnt=\count330
\MPscratchDim=\dimen306
\MPnumerator=\count331
\makeMPintoPDFobject=\count332
\everyMPtoPDFconversion=\toks43
) (/usr/share/texlive/texmf-dist/tex/latex/epstopdf-pkg/epstopdf-base.sty
Package: epstopdf-base 2020-01-24 v2.11 Base part for package epstopdf
Package epstopdf-base Info: Redefining graphics rule for `.eps' on input line 4
85.

(/usr/share/texlive/texmf-dist/tex/latex/latexconfig/epstopdf-sys.cfg
File: epstopdf-sys.cfg 2010/07/13 v1.3 Configuration of (r)epstopdf for TeX Liv
e
))
\c@lstlisting=\count333
Package hyperref Info: Link coloring OFF on input line 117.

(/usr/share/texlive/texmf-dist/tex/latex/hyperref/nameref.sty
Package: nameref 2021-04-02 v2.47 Cross-referencing by name of section

(/usr/share/texlive/texmf-dist/tex/latex/refcount/refcount.sty
Package: refcount 2019/12/15 v3.6 Data extraction from label references (HO)
)
(/usr/share/texlive/texmf-dist/tex/generic/gettitlestring/gettitlestring.sty
Package: gettitlestring 2019/12/15 v1.6 Cleanup title references (HO)
)
\c@section@level=\count334
)
LaTeX Info: Redefining \ref on input line 117.
LaTeX Info: Redefining \pageref on input line 117.
LaTeX Info: Redefining \nameref on input line 117.

(./main.out) (./main.out)
\@outlinefile=\write4
\openout4 = `main.out'.

Package caption Info: Begin \AtBeginDocument code.
Package caption Info: End \AtBeginDocument code.
LaTeX Font Info:    Trying to load font information for T1+cmtt on input line 1
43.

(/usr/share/texlive/texmf-dist/tex/latex/base/t1cmtt.fd
File: t1cmtt.fd 2019/12/16 v2.5j Standard LaTeX font definitions
) (./main.toc [1

{/var/lib/texmf/fonts/map/pdftex/updmap/pdftex.map}])
\tf@toc=\write5
\openout5 = `main.toc'.

 [2] [3]
Overfull \hbox (12.3348pt too wide) in paragraph at lines 251--264
\T1/cmr/m/n/10.95 back-end on the server side. Each fea-ture folder un-der \T1/
cmtt/m/n/10.95 lib/features/ \T1/cmr/m/n/10.95 (\T1/cmtt/m/n/10.95 authenticati
on\T1/cmr/m/n/10.95 , \T1/cmtt/m/n/10.95 passenger\T1/cmr/m/n/10.95 ,
 []


Overfull \hbox (16.87161pt too wide) in paragraph at lines 296--300
 [][] 
 []


Underfull \hbox (badness 10000) in paragraph at lines 321--322
[]|\T1/cmtt/m/n/10.95 google_maps_flutter\T1/cmr/m/n/10.95 , \T1/cmtt/m/n/10.95
 geolocator\T1/cmr/m/n/10.95 , \T1/cmtt/m/n/10.95 geocoding\T1/cmr/m/n/10.95 ,
 []

[4]
Underfull \hbox (badness 10000) in paragraph at lines 353--358
[]|\T1/cmr/m/n/10.95 Email/password auth col-lec-tion. Pro-file fields:
 []


Underfull \hbox (badness 10000) in paragraph at lines 353--358
\T1/cmtt/m/n/10.95 fullName\T1/cmr/m/n/10.95 , \T1/cmtt/m/n/10.95 phoneNumber\T
1/cmr/m/n/10.95 , \T1/cmtt/m/n/10.95 role \T1/cmr/m/n/10.95 (\T1/cmtt/m/n/10.95
 passenger\T1/cmr/m/n/10.95 /
 []


Underfull \hbox (badness 10000) in paragraph at lines 353--358
\T1/cmtt/m/n/10.95 totalRidesCompleted\T1/cmr/m/n/10.95 , \T1/cmtt/m/n/10.95 sa
vedPlaces\T1/cmr/m/n/10.95 , \T1/cmtt/m/n/10.95 sosContacts\T1/cmr/m/n/10.95 ,
 []


Underfull \hbox (badness 1400) in paragraph at lines 361--366
\T1/cmr/m/n/10.95 (state ma-chine, see ź[]2.5.3[]), \T1/cmtt/m/n/10.95 pickup\T
1/cmr/m/n/10.95 /\T1/cmtt/m/n/10.95 dropoff \T1/cmr/m/n/10.95 JSON,
 []


Overfull \hbox (22.15079pt too wide) in paragraph at lines 366--366
[]|\T1/cmtt/m/n/10.95 ride_status_history| 
 []


Overfull \hbox (22.15079pt too wide) in paragraph at lines 370--370
[]|\T1/cmtt/m/n/10.95 wallet_transactions| 
 []


Overfull \hbox (77.31363pt too wide) in paragraph at lines 385--389
\T1/cmr/m/n/10.95 store data model and Cloud Func-tions to the Pock-et-Base equ
iv-a-lent, recorded in \T1/cmtt/m/n/10.95 pocketbase/MIGRATION_PLAN.md
 []


Underfull \hbox (badness 6204) in paragraph at lines 396--396
[]|\T1/cmr/bx/n/10.95 PocketBase equiv-a-
 []


Underfull \hbox (badness 10000) in paragraph at lines 398--398
[]|\T1/cmr/m/n/10.95 Firebase Auth (phone
 []


Underfull \hbox (badness 3364) in paragraph at lines 398--398
[]|\T1/cmtt/m/n/10.95 users \T1/cmr/m/n/10.95 auth col-lec-tion
 []


Underfull \hbox (badness 2393) in paragraph at lines 400--401
[]|\T1/cmr/m/n/10.95 1:1 re-la-tion in-stead of
 []


Underfull \hbox (badness 10000) in paragraph at lines 401--402
[]|\T1/cmtt/m/n/10.95 passengerId\T1/cmr/m/n/10.95 /\T1/cmtt/m/n/10.95 driverId

 []


Underfull \hbox (badness 1515) in paragraph at lines 401--402
\T1/cmr/m/n/10.95 strings be-come re-la-tion
 []


Underfull \hbox (badness 10000) in paragraph at lines 402--402
[]|[][][][][][][]
 []


Underfull \hbox (badness 10000) in paragraph at lines 403--403
[]|\T1/cmtt/m/n/10.95 wallets \T1/cmr/m/n/10.95 (re-la-tion
 []


Underfull \hbox (badness 10000) in paragraph at lines 404--404
[]|\T1/cmtt/m/n/10.95 drivers.documents
 []


Underfull \hbox (badness 10000) in paragraph at lines 405--405
[]|\T1/cmtt/m/n/10.95 onRideRequestCreated
 []


Overfull \hbox (33.30663pt too wide) in paragraph at lines 405--405
[]|\T1/cmtt/m/n/10.95 onRecordAfterCreateSuccess
 []


Underfull \hbox (badness 10000) in paragraph at lines 406--406
[]|\T1/cmtt/m/n/10.95 POST
 []


Overfull \hbox (50.28174pt too wide) in paragraph at lines 406--406
\T1/cmtt/m/n/10.95 /api/michwar/rides/:id/accept| 
 []


Underfull \hbox (badness 10000) in paragraph at lines 407--407
[]|\T1/cmtt/m/n/10.95 updateRideStatus
 []


Underfull \hbox (badness 10000) in paragraph at lines 407--407
[]|\T1/cmtt/m/n/10.95 POST
 []


Overfull \hbox (50.28174pt too wide) in paragraph at lines 407--407
\T1/cmtt/m/n/10.95 /api/michwar/rides/:id/status| 
 []


Underfull \hbox (badness 10000) in paragraph at lines 408--408
[]|\T1/cmtt/m/n/10.95 POST
 []


Overfull \hbox (61.59848pt too wide) in paragraph at lines 408--408
\T1/cmtt/m/n/10.95 /api/michwar/rides/:id/complete| 
 []


Underfull \hbox (badness 10000) in paragraph at lines 409--409
[]|\T1/cmtt/m/n/10.95 POST
 []


Overfull \hbox (38.965pt too wide) in paragraph at lines 409--409
\T1/cmtt/m/n/10.95 /api/michwar/rides/:id/rate| 
 []


Underfull \hbox (badness 10000) in paragraph at lines 410--410
[]|\T1/cmtt/m/n/10.95 generateLiveShareLink
 []


Underfull \hbox (badness 10000) in paragraph at lines 410--410
[]|\T1/cmtt/m/n/10.95 POST
 []


Overfull \hbox (44.62337pt too wide) in paragraph at lines 410--410
\T1/cmtt/m/n/10.95 /api/michwar/rides/:id/share| 
 []

LaTeX Font Info:    Font shape `T1/cmtt/bx/n' in size <10.95> not available
(Font)              Font shape `T1/cmtt/m/n' tried instead on input line 421.
LaTeX Font Info:    Font shape `T1/cmtt/bx/n' in size <9> not available
(Font)              Font shape `T1/cmtt/m/n' tried instead on input line 434.
[5] [6] [7]
LaTeX Font Info:    Font shape `T1/cmtt/bx/n' in size <12> not available
(Font)              Font shape `T1/cmtt/m/n' tried instead on input line 477.

Overfull \hbox (18.70976pt too wide) in paragraph at lines 480--488
\T1/cmr/m/n/10.95 All au-thor-i-ta-tive, money-affecting, or matching-related l
ogic lives in \T1/cmtt/m/n/10.95 pocketbase/pb_hooks/*.pb.js\T1/cmr/m/n/10.95 ,

 []

[8] [9]
<./figures//commission_tiers.pdf, id=354, 433.62pt x 289.08pt>
File: ./figures//commission_tiers.pdf Graphic file (type pdf)
<use ./figures//commission_tiers.pdf>
Package pdftex.def Info: ./figures//commission_tiers.pdf  used on input line 58
5.
(pdftex.def)             Requested size: 282.24911pt x 188.17325pt.

Overfull \hbox (37.30566pt too wide) in paragraph at lines 592--597
[]\T1/cmr/bx/n/10.95 MICHWAR Points \T1/cmr/m/n/10.95 (the loy-alty cur-rency) 
are awarded on ev-ery com-pleted ride as $\OMS/cmsy/m/n/10.95 b[]\OML/cmm/m/it/
10.95 =\OT1/cmr/m/n/10.95 100\OMS/cmsy/m/n/10.95 c ^^B
 []


Overfull \hbox (9.63104pt too wide) in paragraph at lines 618--625
\T1/cmtt/m/n/10.95 drivers \T1/cmr/m/n/10.95 where \T1/cmtt/m/n/10.95 isOnline 
= true\T1/cmr/m/n/10.95 , \T1/cmtt/m/n/10.95 isOnTrip = false\T1/cmr/m/n/10.95 
, \T1/cmtt/m/n/10.95 verificationStatus = 'approved'\T1/cmr/m/n/10.95 ,
 []


Overfull \hbox (37.51189pt too wide) in paragraph at lines 627--630
[]\T1/cmr/m/n/10.95 If no can-di-dates are found, \T1/cmr/bx/n/10.95 dou-bles t
he ra-dius \T1/cmr/m/n/10.95 and re-peats, up to \T1/cmtt/m/n/10.95 MAX_DRIVER_
SEARCH_RADIUS_KM
 []


Overfull \hbox (0.34512pt too wide) in paragraph at lines 636--644
\T1/cmr/m/n/10.95 rent po-si-tion to their home des-ti-na-tion (\T1/cmtt/m/n/10
.95 mwBearingDeg\T1/cmr/m/n/10.95 ) is within \T1/cmtt/m/n/10.95 headingHomeBea
ringTolerance
 []

[10 <./figures//commission_tiers.pdf>]
<./figures//geohash_matching.pdf, id=416, 397.485pt x 397.485pt>
File: ./figures//geohash_matching.pdf Graphic file (type pdf)
<use ./figures//geohash_matching.pdf>
Package pdftex.def Info: ./figures//geohash_matching.pdf  used on input line 64
7.
(pdftex.def)             Requested size: 282.24911pt x 282.25877pt.

Overfull \hbox (7.82652pt too wide) in paragraph at lines 658--670
\T1/cmr/m/n/10.95 formed by one of the \T1/cmtt/m/n/10.95 pb_hooks/12_rides.pb.
js \T1/cmr/m/n/10.95 routes run-ning in-side \T1/cmtt/m/n/10.95 $app.runInTrans
action()\T1/cmr/m/n/10.95 ,
 []


Overfull \hbox (91.62671pt too wide) in paragraph at lines 699--704
 [][] 
 []

[11 <./figures//geohash_matching.pdf>] [12]
Overfull \hbox (60.19157pt too wide) in paragraph at lines 778--795
\T1/cmr/m/n/10.95 ing []5[]); \T1/cmtt/m/n/10.95 authStateProvider \T1/cmr/m/n/
10.95 is a \T1/cmtt/m/n/10.95 StreamProvider<String?> \T1/cmr/m/n/10.95 de-rive
d from \T1/cmtt/m/n/10.95 AuthService.authStateChanges()\T1/cmr/m/n/10.95 ;
 []


Overfull \hbox (1.48636pt too wide) in paragraph at lines 778--795
\T1/cmtt/m/n/10.95 walletProvider\T1/cmr/m/n/10.95 ). Each sub-scrip-tion im-me
-di-ately emits the cur-rent value via \T1/cmtt/m/n/10.95 getFirstListItem\T1/c
mr/m/n/10.95 ,
 []

[13]
Overfull \hbox (54.90472pt too wide) in paragraph at lines 859--869
[]\T1/cmr/m/n/10.95 Listing []5[] shows \T1/cmtt/m/n/10.95 pocketbase_service.d
art\T1/cmr/m/n/10.95 : it re-solves the back-end base URL via \T1/cmtt/m/n/10.9
5 pocketbaseBaseUrl()\T1/cmr/m/n/10.95 ,
 []


Overfull \hbox (20.29161pt too wide) in paragraph at lines 902--913
\T1/cmtt/m/n/10.95 pocketbase \T1/cmr/m/n/10.95 Dart pack-age's authentication-
state stream. Ver-sion 0.24.0 ex-poses \T1/cmtt/m/n/10.95 AuthStore.onChange
 []

[14] (/usr/share/texlive/texmf-dist/tex/latex/listings/lstlang1.sty
File: lstlang1.sty 2020/03/24 1.8d listings language file
)
(/usr/share/texlive/texmf-dist/tex/latex/listings/lstlang1.sty
File: lstlang1.sty 2020/03/24 1.8d listings language file
) [15] [16]
Overfull \hbox (8.23183pt too wide) in paragraph at lines 1080--1084
 [][] 
 []

<./figures//codebase_composition.pdf, id=713, 578.16pt x 325.215pt>
File: ./figures//codebase_composition.pdf Graphic file (type pdf)
<use ./figures//codebase_composition.pdf>
Package pdftex.def Info: ./figures//codebase_composition.pdf  used on input lin
e 1132.
(pdftex.def)             Requested size: 386.96027pt x 217.66464pt.

Overfull \hbox (10.67998pt too wide) in paragraph at lines 1142--1151
\T1/cmtt/m/n/10.95 build/app/outputs/flutter-apk/app-release.apk \T1/cmr/m/n/10
.95 at ap-prox-i-mately \T1/cmr/bx/n/10.95 54MB \T1/cmr/m/n/10.95 (56,613,947 b
ytes).
 []


Overfull \hbox (24.75914pt too wide) in paragraph at lines 1142--1151
\T1/cmr/m/n/10.95 An-droid Gra-dle plu-gin and stan-dard font-asset tree-shakin
g no-tices (e.g. \T1/cmtt/m/n/10.95 MaterialIcons-Regular.otf
 []


Overfull \hbox (19.61879pt too wide) in paragraph at lines 1154--1157
\T1/cmr/m/n/10.95 The con-tainer-ized Pock-et-Base back-end was de-ployed to Fl
y.io un-der the ap-pli-ca-tion name \T1/cmtt/m/n/10.95 michwar-pb
 []

[17] [18 <./figures//codebase_composition.pdf>]
Overfull \hbox (32.6579pt too wide) in paragraph at lines 1170--1177
\T1/cmr/m/n/10.95 The re-lease APK was then re-built with \T1/cmtt/m/n/10.95 --
dart-define=POCKETBASE_URL=https://michwar-pb.fly.dev
 []

<./figures//fare_breakdown.pdf, id=795, 433.62pt x 325.215pt>
File: ./figures//fare_breakdown.pdf Graphic file (type pdf)
<use ./figures//fare_breakdown.pdf>
Package pdftex.def Info: ./figures//fare_breakdown.pdf  used on input line 1203
.
(pdftex.def)             Requested size: 273.14923pt x 204.87164pt.
<./figures//debug_timeline.pdf, id=798, 578.16pt x 289.08pt>
File: ./figures//debug_timeline.pdf Graphic file (type pdf)
<use ./figures//debug_timeline.pdf>
Package pdftex.def Info: ./figures//debug_timeline.pdf  used on input line 1222
.
(pdftex.def)             Requested size: 455.24411pt x 227.62082pt.

Underfull \hbox (badness 10000) in paragraph at lines 1236--1236
[]|\T1/cmtt/m/n/10.95 flutter build
 []


Underfull \hbox (badness 10000) in paragraph at lines 1237--1238
\T1/cmr/m/n/10.95 with-out ever run-ning
 []


Underfull \hbox (badness 10000) in paragraph at lines 1237--1238
\T1/cmtt/m/n/10.95 flutter create\T1/cmr/m/n/10.95 , so
 []


Underfull \hbox (badness 10000) in paragraph at lines 1237--1238
\T1/cmtt/m/n/10.95 android/ \T1/cmr/m/n/10.95 (and other
 []


Underfull \hbox (badness 10000) in paragraph at lines 1239--1241
[]|\T1/cmr/m/n/10.95 Ran \T1/cmtt/m/n/10.95 flutter create .
 []


Underfull \hbox (badness 10000) in paragraph at lines 1239--1241
\T1/cmr/m/n/10.95 from the project root,
 []


Underfull \hbox (badness 7832) in paragraph at lines 1239--1241
\T1/cmr/m/n/10.95 which scaf-folds plat-form
 []


Underfull \hbox (badness 1077) in paragraph at lines 1239--1241
\T1/cmr/m/n/10.95 projects with-out touch-ing
 []


Underfull \hbox (badness 10000) in paragraph at lines 1242--1243
[]|\T1/cmr/m/n/10.95 Same er-ror per-
 []


Underfull \hbox (badness 10000) in paragraph at lines 1242--1243
\T1/cmr/m/n/10.95 sisted af-ter scaf-
 []


Underfull \hbox (badness 10000) in paragraph at lines 1242--1243
\T1/cmr/m/n/10.95 fold-ing, with
 []


Overfull \hbox (89.98706pt too wide) in paragraph at lines 1242--1243
\T1/cmtt/m/n/10.95 --dart-define=POCKETBASE_URL=<...>| 
 []


Underfull \hbox (badness 5231) in paragraph at lines 1244--1245
\T1/cmr/m/n/10.95 ac-ters in the ex-am-ple
 []


Underfull \hbox (badness 1043) in paragraph at lines 1244--1245
\T1/cmr/m/n/10.95 URL are in-ter-preted as
 []


Overfull \hbox (4.91806pt too wide) in paragraph at lines 1246--1248
\T1/cmtt/m/n/10.95 http://192.168.1.50:8090| 
 []


Underfull \hbox (badness 10000) in paragraph at lines 1249--1250
\T1/cmtt/m/n/10.95 AuthStore.record
 []


Underfull \hbox (badness 10000) in paragraph at lines 1249--1250
\T1/cmr/m/n/10.95 not de-fined,
 []


Underfull \hbox (badness 10000) in paragraph at lines 1249--1250
\T1/cmtt/m/n/10.95 onChange \T1/cmr/m/n/10.95 not
 []


Underfull \hbox (badness 10000) in paragraph at lines 1249--1250
\T1/cmr/m/n/10.95 in-vok-able, \T1/cmtt/m/n/10.95 void
 []


Underfull \hbox (badness 5091) in paragraph at lines 1251--1253
[]|\T1/cmtt/m/n/10.95 pocketbase \T1/cmr/m/n/10.95 Dart SDK
 []


Underfull \hbox (badness 1584) in paragraph at lines 1251--1253
\T1/cmtt/m/n/10.95 AuthStore \T1/cmr/m/n/10.95 API (\T1/cmtt/m/n/10.95 model\T1
/cmr/m/n/10.95 ,
 []


Underfull \hbox (badness 3219) in paragraph at lines 1251--1253
\T1/cmr/m/n/10.95 dif-fers from the 0.24.x
 []


Underfull \hbox (badness 10000) in paragraph at lines 1254--1258
[]|\T1/cmr/m/n/10.95 Bumped \T1/cmtt/m/n/10.95 pocketbase:
 []


Underfull \hbox (badness 10000) in paragraph at lines 1254--1258
\T1/cmtt/m/n/10.95 ^0.18.1 $\OMS/cmsy/m/n/10.95 !$ \T1/cmtt/m/n/10.95 ^0.24.0\T
1/cmr/m/n/10.95 ;
 []


Underfull \hbox (badness 10000) in paragraph at lines 1254--1258
\T1/cmr/m/n/10.95 rewrote \T1/cmtt/m/n/10.95 signOut \T1/cmr/m/n/10.95 as
 []


Underfull \hbox (badness 10000) in paragraph at lines 1254--1258
\T1/cmtt/m/n/10.95 Future<void>\T1/cmr/m/n/10.95 ; rewrote
 []


Underfull \hbox (badness 10000) in paragraph at lines 1254--1258
\T1/cmtt/m/n/10.95 authStateChanges()
 []


Underfull \hbox (badness 10000) in paragraph at lines 1254--1258
\T1/cmr/m/n/10.95 to con-sume
 []


Underfull \hbox (badness 10000) in paragraph at lines 1254--1258
\T1/cmtt/m/n/10.95 Stream<AuthStoreEvent>
 []


Underfull \hbox (badness 10000) in paragraph at lines 1259--1260
[]|\T1/cmtt/m/n/10.95 flutter pub get\T1/cmr/m/n/10.95 :
 []


Underfull \hbox (badness 5417) in paragraph at lines 1259--1260
\T1/cmr/m/n/10.95 "Got socket er-ror
 []


Underfull \hbox (badness 3884) in paragraph at lines 1259--1260
\T1/cmr/m/n/10.95 age pock-et-base at
 []


Underfull \hbox (badness 1168) in paragraph at lines 1262--1263
[]|\T1/cmr/m/n/10.95 Retried \T1/cmtt/m/n/10.95 flutter pub get\T1/cmr/m/n/10.9
5 ;
 []


Underfull \hbox (badness 10000) in paragraph at lines 1264--1267
[]|\T1/cmtt/m/n/10.95 fly launch \T1/cmr/m/n/10.95 /
 []


Underfull \hbox (badness 10000) in paragraph at lines 1264--1267
\T1/cmtt/m/n/10.95 fly deploy\T1/cmr/m/n/10.95 : re-
 []


Underfull \hbox (badness 10000) in paragraph at lines 1264--1267
\T1/cmr/m/n/10.95 peated \T1/cmtt/m/n/10.95 read tcp
 []


Underfull \hbox (badness 10000) in paragraph at lines 1264--1267
\T1/cmtt/m/n/10.95 ... wsarecv:
 []


Underfull \hbox (badness 10000) in paragraph at lines 1264--1267
\T1/cmtt/m/n/10.95 A connection
 []


Underfull \hbox (badness 10000) in paragraph at lines 1264--1267
\T1/cmtt/m/n/10.95 attempt failed\T1/cmr/m/n/10.95 ,
 []


Underfull \hbox (badness 10000) in paragraph at lines 1264--1267
\T1/cmtt/m/n/10.95 dial tcp ...
 []


Underfull \hbox (badness 10000) in paragraph at lines 1264--1267
\T1/cmtt/m/n/10.95 connectex: A
 []


Underfull \hbox (badness 10000) in paragraph at lines 1264--1267
\T1/cmtt/m/n/10.95 connection
 []


Underfull \hbox (badness 10000) in paragraph at lines 1264--1267
\T1/cmtt/m/n/10.95 attempt
 []


Underfull \hbox (badness 10000) in paragraph at lines 1264--1267
\T1/cmtt/m/n/10.95 failed\T1/cmr/m/n/10.95 , \T1/cmtt/m/n/10.95 lookup
 []


Underfull \hbox (badness 10000) in paragraph at lines 1264--1267
\T1/cmtt/m/n/10.95 api.fly.io: no
 []


Underfull \hbox (badness 10000) in paragraph at lines 1268--1270
[]|\T1/cmr/m/n/10.95 Intermittent con-nec-tiv-
 []


Underfull \hbox (badness 3579) in paragraph at lines 1268--1270
\T1/cmr/m/n/10.95 ity from the Win-dows
 []


Underfull \hbox (badness 10000) in paragraph at lines 1268--1270
\T1/cmr/m/n/10.95 de-vel-op-ment ma-chine
 []


Underfull \hbox (badness 10000) in paragraph at lines 1268--1270
\T1/cmr/m/n/10.95 with TLS-inspecting
 []


Underfull \hbox (badness 1173) in paragraph at lines 1268--1270
\T1/cmr/m/n/10.95 an-tivirus/-fire-wall or un-
 []


Underfull \hbox (badness 10000) in paragraph at lines 1271--1275
[]|\T1/cmr/m/n/10.95 Diagnosed via
 []


Underfull \hbox (badness 10000) in paragraph at lines 1271--1275
\T1/cmtt/m/n/10.95 Test-NetConnection
 []


Underfull \hbox (badness 10000) in paragraph at lines 1271--1275
\T1/cmtt/m/n/10.95 api.fly.io -Port 443
 []


Underfull \hbox (badness 10000) in paragraph at lines 1271--1275
\T1/cmr/m/n/10.95 re-tried af-ter switch-ing
 []


Underfull \hbox (badness 10000) in paragraph at lines 1271--1275
\T1/cmr/m/n/10.95 net-work and an-swer-ing
 []


Underfull \hbox (badness 1412) in paragraph at lines 1271--1275
\T1/cmr/m/n/10.95 launch prompts with the
 []


Underfull \hbox (badness 1762) in paragraph at lines 1271--1275
\T1/cmr/m/n/10.95 doc-u-mented val-ues (\T1/cmtt/m/n/10.95 n \T1/cmr/m/n/10.95 
to
 []


Underfull \hbox (badness 2564) in paragraph at lines 1276--1277
\T1/cmr/m/n/10.95 built (18MB) and
 []


Underfull \hbox (badness 10000) in paragraph at lines 1276--1277
\T1/cmr/m/n/10.95 "\T1/cmtt/m/n/10.95 Error: timeout
 []


Underfull \hbox (badness 10000) in paragraph at lines 1276--1277
\T1/cmtt/m/n/10.95 reached waiting
 []


Underfull \hbox (badness 10000) in paragraph at lines 1276--1277
\T1/cmtt/m/n/10.95 for machine's
 []


Underfull \hbox (badness 10000) in paragraph at lines 1278--1280
[]|\T1/cmtt/m/n/10.95 fly logs \T1/cmr/m/n/10.95 re-vealed
 []


Underfull \hbox (badness 10000) in paragraph at lines 1278--1280
\T1/cmr/m/n/10.95 the con-tainer it-self
 []


Underfull \hbox (badness 10000) in paragraph at lines 1278--1280
\T1/cmtt/m/n/10.95 to apply migration
 []


Underfull \hbox (badness 10000) in paragraph at lines 1278--1280
\T1/cmtt/m/n/10.95 1700000001_users.js:
 []


Underfull \hbox (badness 10000) in paragraph at lines 1278--1280
\T1/cmtt/m/n/10.95 name: Collection
 []


Underfull \hbox (badness 10000) in paragraph at lines 1278--1280
\T1/cmtt/m/n/10.95 name must be unique
 []


Underfull \hbox (badness 10000) in paragraph at lines 1281--1285
[]|\T1/cmr/m/n/10.95 PocketBase $\OMS/cmsy/m/n/10.95 ^^U$\T1/cmr/m/n/10.95 0.23
 auto-
 []


Underfull \hbox (badness 5388) in paragraph at lines 1281--1285
\T1/cmr/m/n/10.95 creates a de-fault \T1/cmtt/m/n/10.95 users
 []


Underfull \hbox (badness 5939) in paragraph at lines 1281--1285
\T1/cmr/m/n/10.95 database; the mi-gra-tion
 []


Underfull \hbox (badness 3354) in paragraph at lines 1281--1285
\T1/cmr/m/n/10.95 col-lec-tion be-fore cre-at-ing
 []


Underfull \hbox (badness 10000) in paragraph at lines 1281--1285
\T1/cmr/m/n/10.95 the ap-pli-ca-tion's \T1/cmtt/m/n/10.95 users
 []

[19] [20 <./figures//fare_breakdown.pdf> <./figures//debug_timeline.pdf>]
[21]
Overfull \hbox (27.7095pt too wide) in paragraph at lines 1344--1359
\T1/cmr/m/n/10.95 that \T1/cmr/m/it/10.95 no client write can di-rectly pro-duc
e a bil-l-able num-ber\T1/cmr/m/n/10.95 . The \T1/cmtt/m/n/10.95 rides\T1/cmr/m
/n/10.95 , \T1/cmtt/m/n/10.95 wallets\T1/cmr/m/n/10.95 , \T1/cmtt/m/n/10.95 wal
let_transactions\T1/cmr/m/n/10.95 ,
 []


Overfull \hbox (10.33163pt too wide) in paragraph at lines 1366--1372
[]\T1/cmr/bx/n/10.95 Pin and ver-ify SDK ver-sions against the server ver-sion 
they tar-get. \T1/cmr/m/n/10.95 The \T1/cmtt/m/n/10.95 pocketbase
 []

[22]
Overfull \hbox (1.48326pt too wide) in paragraph at lines 1406--1410
[]\T1/cmtt/m/n/10.95 POST /api/michwar/wallet/topup \T1/cmr/m/n/10.95 cur-rentl
y cred-its a driver's wal-let di-rectly on call, which
 []


Overfull \hbox (22.22333pt too wide) in paragraph at lines 1425--1434
\T1/cmr/m/n/10.95 iOS/web re-lease ar-ti-facts along-side the An-droid APK, us-
ing the same \T1/cmtt/m/n/10.95 --dart-define=POCKETBASE_URL
 []

[23] [24] (./main.aux)
Package rerunfilecheck Info: File `main.out' has not changed.
(rerunfilecheck)             Checksum: FB1A0C7048344E3CA5720FC34E9CA3A0;5860.
 ) 
Here is how much of TeX's memory you used:
 25644 strings out of 480247
 467910 string characters out of 5896152
 1305971 words of memory out of 5000000
 42747 multiletter control sequences out of 15000+600000
 489240 words of font info for 71 fonts, out of 8000000 for 9000
 14 hyphenation exceptions out of 8191
 84i,14n,80p,509b,1962s stack positions out of 5000i,500n,10000p,200000b,80000s
 </sessions/great-gallant-dijkstra/.texlive2021/texmf-var/fonts/pk/ljfour/jkn
appen/ec/tcrm1095.600pk> </sessions/great-gallant-dijkstra/.texlive2021/texmf-v
ar/fonts/pk/ljfour/jknappen/ec/ecrm0900.600pk> </sessions/great-gallant-dijkstr
a/.texlive2021/texmf-var/fonts/pk/ljfour/jknappen/ec/ectt1200.600pk> </sessions
/great-gallant-dijkstra/.texlive2021/texmf-var/fonts/pk/ljfour/jknappen/ec/ectt
0900.600pk> </sessions/great-gallant-dijkstra/.texlive2021/texmf-var/fonts/pk/l
jfour/jknappen/ec/ecit0900.600pk> </sessions/great-gallant-dijkstra/.texlive202
1/texmf-var/fonts/pk/ljfour/jknappen/ec/ecrm0600.600pk> </sessions/great-gallan
t-dijkstra/.texlive2021/texmf-var/fonts/pk/ljfour/jknappen/ec/ecti1095.600pk> <
/sessions/great-gallant-dijkstra/.texlive2021/texmf-var/fonts/pk/ljfour/jknappe
n/ec/ectt1095.600pk> </sessions/great-gallant-dijkstra/.texlive2021/texmf-var/f
onts/pk/ljfour/jknappen/ec/ecrm1095.600pk> </sessions/great-gallant-dijkstra/.t
exlive2021/texmf-var/fonts/pk/ljfour/jknappen/ec/ecbx1095.600pk> </sessions/gre
at-gallant-dijkstra/.texlive2021/texmf-var/fonts/pk/ljfour/jknappen/ec/ecbx1440
.600pk> </sessions/great-gallant-dijkstra/.texlive2021/texmf-var/fonts/pk/ljfou
r/jknappen/ec/ectt1000.600pk> </sessions/great-gallant-dijkstra/.texlive2021/te
xmf-var/fonts/pk/ljfour/jknappen/ec/ecti1000.600pk> </sessions/great-gallant-di
jkstra/.texlive2021/texmf-var/fonts/pk/ljfour/jknappen/ec/ecrm1000.600pk> </ses
sions/great-gallant-dijkstra/.texlive2021/texmf-var/fonts/pk/ljfour/jknappen/ec
/ecbx1000.600pk> </sessions/great-gallant-dijkstra/.texlive2021/texmf-var/fonts
/pk/ljfour/jknappen/ec/ecbx1200.600pk> </sessions/great-gallant-dijkstra/.texli
ve2021/texmf-var/fonts/pk/ljfour/jknappen/ec/ecrm1200.600pk> </sessions/great-g
allant-dijkstra/.texlive2021/texmf-var/fonts/pk/ljfour/jknappen/ec/ecrm1440.600
pk> </sessions/great-gallant-dijkstra/.texlive2021/texmf-var/fonts/pk/ljfour/jk
nappen/ec/ecbx2488.600pk></usr/share/texlive/texmf-dist/fonts/type1/public/amsf
onts/cm/cmmi10.pfb></usr/share/texlive/texmf-dist/fonts/type1/public/amsfonts/c
m/cmr10.pfb></usr/share/texlive/texmf-dist/fonts/type1/public/amsfonts/cm/cmr8.
pfb></usr/share/texlive/texmf-dist/fonts/type1/public/amsfonts/cm/cmsy10.pfb></
usr/share/texlive/texmf-dist/fonts/type1/public/amsfonts/cm/cmsy8.pfb>
Output written on main.pdf (24 pages, 461469 bytes).
PDF statistics:
 1910 PDF objects out of 2073 (max. 8388607)
 869 compressed objects within 9 object streams
 432 named destinations out of 1000 (max. 500000)
 278 words of extra memory for PDF output out of 10000 (max. 10000000)

