This is pdfTeX, Version 3.141592653-2.6-1.40.22 (TeX Live 2022/dev/Debian) (preloaded format=pdflatex)
 restricted \write18 enabled.
entering extended mode
(./main.tex
LaTeX2e <2021-11-15> patch level 1
L3 programming layer <2022-01-21>
(/usr/share/texlive/texmf-dist/tex/latex/base/article.cls
Document Class: article 2021/10/04 v1.4n Standard LaTeX document class
(/usr/share/texlive/texmf-dist/tex/latex/base/size11.clo))
(/usr/share/texlive/texmf-dist/tex/latex/geometry/geometry.sty
(/usr/share/texlive/texmf-dist/tex/latex/graphics/keyval.sty)
(/usr/share/texlive/texmf-dist/tex/generic/iftex/ifvtex.sty
(/usr/share/texlive/texmf-dist/tex/generic/iftex/iftex.sty)))
(/usr/share/texlive/texmf-dist/tex/latex/base/inputenc.sty)
(/usr/share/texlive/texmf-dist/tex/latex/base/fontenc.sty)
(/usr/share/texlive/texmf-dist/tex/latex/graphics/graphicx.sty
(/usr/share/texlive/texmf-dist/tex/latex/graphics/graphics.sty
(/usr/share/texlive/texmf-dist/tex/latex/graphics/trig.sty)
(/usr/share/texlive/texmf-dist/tex/latex/graphics-cfg/graphics.cfg)
(/usr/share/texlive/texmf-dist/tex/latex/graphics-def/pdftex.def)))
(/usr/share/texlive/texmf-dist/tex/latex/xcolor/xcolor.sty
(/usr/share/texlive/texmf-dist/tex/latex/graphics-cfg/color.cfg))
(/usr/share/texlive/texmf-dist/tex/latex/booktabs/booktabs.sty)
(/usr/share/texlive/texmf-dist/tex/latex/tools/longtable.sty)
(/usr/share/texlive/texmf-dist/tex/latex/tools/array.sty)
(/usr/share/texlive/texmf-dist/tex/latex/listings/listings.sty
(/usr/share/texlive/texmf-dist/tex/latex/listings/lstmisc.sty)
(/usr/share/texlive/texmf-dist/tex/latex/listings/listings.cfg))
(/usr/share/texlive/texmf-dist/tex/latex/pgf/frontendlayer/tikz.sty
(/usr/share/texlive/texmf-dist/tex/latex/pgf/basiclayer/pgf.sty
(/usr/share/texlive/texmf-dist/tex/latex/pgf/utilities/pgfrcs.sty
(/usr/share/texlive/texmf-dist/tex/generic/pgf/utilities/pgfutil-common.tex
(/usr/share/texlive/texmf-dist/tex/generic/pgf/utilities/pgfutil-common-lists.t
ex)) (/usr/share/texlive/texmf-dist/tex/generic/pgf/utilities/pgfutil-latex.def
) (/usr/share/texlive/texmf-dist/tex/generic/pgf/utilities/pgfrcs.code.tex
(/usr/share/texlive/texmf-dist/tex/generic/pgf/pgf.revision.tex)))
(/usr/share/texlive/texmf-dist/tex/latex/pgf/basiclayer/pgfcore.sty
(/usr/share/texlive/texmf-dist/tex/latex/pgf/systemlayer/pgfsys.sty
(/usr/share/texlive/texmf-dist/tex/generic/pgf/systemlayer/pgfsys.code.tex
(/usr/share/texlive/texmf-dist/tex/generic/pgf/utilities/pgfkeys.code.tex
(/usr/share/texlive/texmf-dist/tex/generic/pgf/utilities/pgfkeysfiltered.code.t
ex)) (/usr/share/texlive/texmf-dist/tex/generic/pgf/systemlayer/pgf.cfg)
(/usr/share/texlive/texmf-dist/tex/generic/pgf/systemlayer/pgfsys-pdftex.def
(/usr/share/texlive/texmf-dist/tex/generic/pgf/systemlayer/pgfsys-common-pdf.de
f)))
(/usr/share/texlive/texmf-dist/tex/generic/pgf/systemlayer/pgfsyssoftpath.code.
tex)
(/usr/share/texlive/texmf-dist/tex/generic/pgf/systemlayer/pgfsysprotocol.code.
tex))
(/usr/share/texlive/texmf-dist/tex/generic/pgf/basiclayer/pgfcore.code.tex
(/usr/share/texlive/texmf-dist/tex/generic/pgf/math/pgfmath.code.tex
(/usr/share/texlive/texmf-dist/tex/generic/pgf/math/pgfmathcalc.code.tex
(/usr/share/texlive/texmf-dist/tex/generic/pgf/math/pgfmathutil.code.tex)
(/usr/share/texlive/texmf-dist/tex/generic/pgf/math/pgfmathparser.code.tex)
(/usr/share/texlive/texmf-dist/tex/generic/pgf/math/pgfmathfunctions.code.tex
(/usr/share/texlive/texmf-dist/tex/generic/pgf/math/pgfmathfunctions.basic.code
.tex)
(/usr/share/texlive/texmf-dist/tex/generic/pgf/math/pgfmathfunctions.trigonomet
ric.code.tex)
(/usr/share/texlive/texmf-dist/tex/generic/pgf/math/pgfmathfunctions.random.cod
e.tex)
(/usr/share/texlive/texmf-dist/tex/generic/pgf/math/pgfmathfunctions.comparison
.code.tex)
(/usr/share/texlive/texmf-dist/tex/generic/pgf/math/pgfmathfunctions.base.code.
tex)
(/usr/share/texlive/texmf-dist/tex/generic/pgf/math/pgfmathfunctions.round.code
.tex)
(/usr/share/texlive/texmf-dist/tex/generic/pgf/math/pgfmathfunctions.misc.code.
tex)
(/usr/share/texlive/texmf-dist/tex/generic/pgf/math/pgfmathfunctions.integerari
thmetics.code.tex)))
(/usr/share/texlive/texmf-dist/tex/generic/pgf/math/pgfmathfloat.code.tex))
(/usr/share/texlive/texmf-dist/tex/generic/pgf/math/pgfint.code.tex)
(/usr/share/texlive/texmf-dist/tex/generic/pgf/basiclayer/pgfcorepoints.code.te
x)
(/usr/share/texlive/texmf-dist/tex/generic/pgf/basiclayer/pgfcorepathconstruct.
code.tex)
(/usr/share/texlive/texmf-dist/tex/generic/pgf/basiclayer/pgfcorepathusage.code
.tex)
(/usr/share/texlive/texmf-dist/tex/generic/pgf/basiclayer/pgfcorescopes.code.te
x)
(/usr/share/texlive/texmf-dist/tex/generic/pgf/basiclayer/pgfcoregraphicstate.c
ode.tex)
(/usr/share/texlive/texmf-dist/tex/generic/pgf/basiclayer/pgfcoretransformation
s.code.tex)
(/usr/share/texlive/texmf-dist/tex/generic/pgf/basiclayer/pgfcorequick.code.tex
)
(/usr/share/texlive/texmf-dist/tex/generic/pgf/basiclayer/pgfcoreobjects.code.t
ex)
(/usr/share/texlive/texmf-dist/tex/generic/pgf/basiclayer/pgfcorepathprocessing
.code.tex)
(/usr/share/texlive/texmf-dist/tex/generic/pgf/basiclayer/pgfcorearrows.code.te
x)
(/usr/share/texlive/texmf-dist/tex/generic/pgf/basiclayer/pgfcoreshade.code.tex
)
(/usr/share/texlive/texmf-dist/tex/generic/pgf/basiclayer/pgfcoreimage.code.tex

(/usr/share/texlive/texmf-dist/tex/generic/pgf/basiclayer/pgfcoreexternal.code.
tex))
(/usr/share/texlive/texmf-dist/tex/generic/pgf/basiclayer/pgfcorelayers.code.te
x)
(/usr/share/texlive/texmf-dist/tex/generic/pgf/basiclayer/pgfcoretransparency.c
ode.tex)
(/usr/share/texlive/texmf-dist/tex/generic/pgf/basiclayer/pgfcorepatterns.code.
tex)
(/usr/share/texlive/texmf-dist/tex/generic/pgf/basiclayer/pgfcorerdf.code.tex))
)
(/usr/share/texlive/texmf-dist/tex/generic/pgf/modules/pgfmoduleshapes.code.tex
) (/usr/share/texlive/texmf-dist/tex/generic/pgf/modules/pgfmoduleplot.code.tex
)
(/usr/share/texlive/texmf-dist/tex/latex/pgf/compatibility/pgfcomp-version-0-65
.sty)
(/usr/share/texlive/texmf-dist/tex/latex/pgf/compatibility/pgfcomp-version-1-18
.sty)) (/usr/share/texlive/texmf-dist/tex/latex/pgf/utilities/pgffor.sty
(/usr/share/texlive/texmf-dist/tex/latex/pgf/utilities/pgfkeys.sty
(/usr/share/texlive/texmf-dist/tex/generic/pgf/utilities/pgfkeys.code.tex))
(/usr/share/texlive/texmf-dist/tex/latex/pgf/math/pgfmath.sty
(/usr/share/texlive/texmf-dist/tex/generic/pgf/math/pgfmath.code.tex))
(/usr/share/texlive/texmf-dist/tex/generic/pgf/utilities/pgffor.code.tex
(/usr/share/texlive/texmf-dist/tex/generic/pgf/math/pgfmath.code.tex)))
(/usr/share/texlive/texmf-dist/tex/generic/pgf/frontendlayer/tikz/tikz.code.tex

(/usr/share/texlive/texmf-dist/tex/generic/pgf/libraries/pgflibraryplothandlers
.code.tex)
(/usr/share/texlive/texmf-dist/tex/generic/pgf/modules/pgfmodulematrix.code.tex
)
(/usr/share/texlive/texmf-dist/tex/generic/pgf/frontendlayer/tikz/libraries/tik
zlibrarytopaths.code.tex)))
(/usr/share/texlive/texmf-dist/tex/generic/pgf/frontendlayer/tikz/libraries/tik
zlibrarypositioning.code.tex)
(/usr/share/texlive/texmf-dist/tex/generic/pgf/frontendlayer/tikz/libraries/tik
zlibraryfit.code.tex)
(/usr/share/texlive/texmf-dist/tex/generic/pgf/libraries/pgflibraryarrows.meta.
code.tex)
(/usr/share/texlive/texmf-dist/tex/generic/pgf/frontendlayer/tikz/libraries/tik
zlibrarycalc.code.tex)
(/usr/share/texlive/texmf-dist/tex/latex/amsmath/amsmath.sty
For additional information on amsmath, use the `?' option.
(/usr/share/texlive/texmf-dist/tex/latex/amsmath/amstext.sty
(/usr/share/texlive/texmf-dist/tex/latex/amsmath/amsgen.sty))
(/usr/share/texlive/texmf-dist/tex/latex/amsmath/amsbsy.sty)
(/usr/share/texlive/texmf-dist/tex/latex/amsmath/amsopn.sty))
(/usr/share/texlive/texmf-dist/tex/latex/hyperref/hyperref.sty
(/usr/share/texlive/texmf-dist/tex/generic/ltxcmds/ltxcmds.sty)
(/usr/share/texlive/texmf-dist/tex/generic/pdftexcmds/pdftexcmds.sty
(/usr/share/texlive/texmf-dist/tex/generic/infwarerr/infwarerr.sty))
(/usr/share/texlive/texmf-dist/tex/generic/kvsetkeys/kvsetkeys.sty)
(/usr/share/texlive/texmf-dist/tex/generic/kvdefinekeys/kvdefinekeys.sty)
(/usr/share/texlive/texmf-dist/tex/generic/pdfescape/pdfescape.sty)
(/usr/share/texlive/texmf-dist/tex/latex/hycolor/hycolor.sty)
(/usr/share/texlive/texmf-dist/tex/latex/letltxmacro/letltxmacro.sty)
(/usr/share/texlive/texmf-dist/tex/latex/auxhook/auxhook.sty)
(/usr/share/texlive/texmf-dist/tex/latex/kvoptions/kvoptions.sty)
(/usr/share/texlive/texmf-dist/tex/latex/hyperref/pd1enc.def)
(/usr/share/texlive/texmf-dist/tex/latex/hyperref/hyperref-langpatches.def)
(/usr/share/texlive/texmf-dist/tex/generic/intcalc/intcalc.sty)
(/usr/share/texlive/texmf-dist/tex/generic/etexcmds/etexcmds.sty)
(/usr/share/texlive/texmf-dist/tex/latex/hyperref/puenc.def)
(/usr/share/texlive/texmf-dist/tex/latex/url/url.sty)
(/usr/share/texlive/texmf-dist/tex/generic/bitset/bitset.sty
(/usr/share/texlive/texmf-dist/tex/generic/bigintcalc/bigintcalc.sty))
(/usr/share/texlive/texmf-dist/tex/latex/base/atbegshi-ltx.sty))
(/usr/share/texlive/texmf-dist/tex/latex/hyperref/hpdftex.def
(/usr/share/texlive/texmf-dist/tex/latex/base/atveryend-ltx.sty)
(/usr/share/texlive/texmf-dist/tex/latex/rerunfilecheck/rerunfilecheck.sty
(/usr/share/texlive/texmf-dist/tex/generic/uniquecounter/uniquecounter.sty)))
(/usr/share/texlive/texmf-dist/tex/latex/caption/caption.sty
(/usr/share/texlive/texmf-dist/tex/latex/caption/caption3.sty)
(/usr/share/texlive/texmf-dist/tex/latex/caption/ltcaption.sty))
(/usr/share/texlive/texmf-dist/tex/latex/enumitem/enumitem.sty)
(/usr/share/texlive/texmf-dist/tex/latex/fancyhdr/fancyhdr.sty)
(/usr/share/texlive/texmf-dist/tex/latex/titlesec/titlesec.sty)
(/usr/share/texlive/texmf-dist/tex/latex/l3backend/l3backend-pdftex.def)
(./main.aux)
*geometry* driver: auto-detecting
*geometry* detected driver: pdftex
(/usr/share/texlive/texmf-dist/tex/context/base/mkii/supp-pdf.mkii
[Loading MPS to PDF converter (version 2006.09.02).]
) (/usr/share/texlive/texmf-dist/tex/latex/epstopdf-pkg/epstopdf-base.sty
(/usr/share/texlive/texmf-dist/tex/latex/latexconfig/epstopdf-sys.cfg))
(/usr/share/texlive/texmf-dist/tex/latex/hyperref/nameref.sty
(/usr/share/texlive/texmf-dist/tex/latex/refcount/refcount.sty)
(/usr/share/texlive/texmf-dist/tex/generic/gettitlestring/gettitlestring.sty))
(./main.out) (./main.out)
(/usr/share/texlive/texmf-dist/tex/latex/base/t1cmtt.fd) (./main.toc [1{/var/li
b/texmf/fonts/map/pdftex/updmap/pdftex.map}]) [2] [3]
Overfull \hbox (12.3348pt too wide) in paragraph at lines 251--264
\T1/cmr/m/n/10.95 back-end on the server side. Each fea-ture folder un-der \T1/
cmtt/m/n/10.95 lib/features/ \T1/cmr/m/n/10.95 (\T1/cmtt/m/n/10.95 authenticati
on\T1/cmr/m/n/10.95 , \T1/cmtt/m/n/10.95 passenger\T1/cmr/m/n/10.95 ,

Overfull \hbox (16.87161pt too wide) in paragraph at lines 296--300
 [][] 

Underfull \hbox (badness 10000) in paragraph at lines 321--322
[]|\T1/cmtt/m/n/10.95 google_maps_flutter\T1/cmr/m/n/10.95 , \T1/cmtt/m/n/10.95
 geolocator\T1/cmr/m/n/10.95 , \T1/cmtt/m/n/10.95 geocoding\T1/cmr/m/n/10.95 ,
[4]
Underfull \hbox (badness 10000) in paragraph at lines 353--358
[]|\T1/cmr/m/n/10.95 Email/password auth col-lec-tion. Pro-file fields:

Underfull \hbox (badness 10000) in paragraph at lines 353--358
\T1/cmtt/m/n/10.95 fullName\T1/cmr/m/n/10.95 , \T1/cmtt/m/n/10.95 phoneNumber\T
1/cmr/m/n/10.95 , \T1/cmtt/m/n/10.95 role \T1/cmr/m/n/10.95 (\T1/cmtt/m/n/10.95
 passenger\T1/cmr/m/n/10.95 /

Underfull \hbox (badness 10000) in paragraph at lines 353--358
\T1/cmtt/m/n/10.95 totalRidesCompleted\T1/cmr/m/n/10.95 , \T1/cmtt/m/n/10.95 sa
vedPlaces\T1/cmr/m/n/10.95 , \T1/cmtt/m/n/10.95 sosContacts\T1/cmr/m/n/10.95 ,

Underfull \hbox (badness 1400) in paragraph at lines 361--366
\T1/cmr/m/n/10.95 (state ma-chine, see ź[]2.5.3[]), \T1/cmtt/m/n/10.95 pickup\T
1/cmr/m/n/10.95 /\T1/cmtt/m/n/10.95 dropoff \T1/cmr/m/n/10.95 JSON,

Overfull \hbox (22.15079pt too wide) in paragraph at lines 366--366
[]|\T1/cmtt/m/n/10.95 ride_status_history| 

Overfull \hbox (22.15079pt too wide) in paragraph at lines 370--370
[]|\T1/cmtt/m/n/10.95 wallet_transactions| 

Overfull \hbox (77.31363pt too wide) in paragraph at lines 385--389
\T1/cmr/m/n/10.95 store data model and Cloud Func-tions to the Pock-et-Base equ
iv-a-lent, recorded in \T1/cmtt/m/n/10.95 pocketbase/MIGRATION_PLAN.md

Underfull \hbox (badness 6204) in paragraph at lines 396--396
[]|\T1/cmr/bx/n/10.95 PocketBase equiv-a-

Underfull \hbox (badness 10000) in paragraph at lines 398--398
[]|\T1/cmr/m/n/10.95 Firebase Auth (phone

Underfull \hbox (badness 3364) in paragraph at lines 398--398
[]|\T1/cmtt/m/n/10.95 users \T1/cmr/m/n/10.95 auth col-lec-tion

Underfull \hbox (badness 2393) in paragraph at lines 400--401
[]|\T1/cmr/m/n/10.95 1:1 re-la-tion in-stead of

Underfull \hbox (badness 10000) in paragraph at lines 401--402
[]|\T1/cmtt/m/n/10.95 passengerId\T1/cmr/m/n/10.95 /\T1/cmtt/m/n/10.95 driverId


Underfull \hbox (badness 1515) in paragraph at lines 401--402
\T1/cmr/m/n/10.95 strings be-come re-la-tion

Underfull \hbox (badness 10000) in paragraph at lines 402--402
[]|[][][][][][][]

Underfull \hbox (badness 10000) in paragraph at lines 403--403
[]|\T1/cmtt/m/n/10.95 wallets \T1/cmr/m/n/10.95 (re-la-tion

Underfull \hbox (badness 10000) in paragraph at lines 404--404
[]|\T1/cmtt/m/n/10.95 drivers.documents

Underfull \hbox (badness 10000) in paragraph at lines 405--405
[]|\T1/cmtt/m/n/10.95 onRideRequestCreated

Overfull \hbox (33.30663pt too wide) in paragraph at lines 405--405
[]|\T1/cmtt/m/n/10.95 onRecordAfterCreateSuccess

Underfull \hbox (badness 10000) in paragraph at lines 406--406
[]|\T1/cmtt/m/n/10.95 POST

Overfull \hbox (50.28174pt too wide) in paragraph at lines 406--406
\T1/cmtt/m/n/10.95 /api/michwar/rides/:id/accept| 

Underfull \hbox (badness 10000) in paragraph at lines 407--407
[]|\T1/cmtt/m/n/10.95 updateRideStatus

Underfull \hbox (badness 10000) in paragraph at lines 407--407
[]|\T1/cmtt/m/n/10.95 POST

Overfull \hbox (50.28174pt too wide) in paragraph at lines 407--407
\T1/cmtt/m/n/10.95 /api/michwar/rides/:id/status| 

Underfull \hbox (badness 10000) in paragraph at lines 408--408
[]|\T1/cmtt/m/n/10.95 POST

Overfull \hbox (61.59848pt too wide) in paragraph at lines 408--408
\T1/cmtt/m/n/10.95 /api/michwar/rides/:id/complete| 

Underfull \hbox (badness 10000) in paragraph at lines 409--409
[]|\T1/cmtt/m/n/10.95 POST

Overfull \hbox (38.965pt too wide) in paragraph at lines 409--409
\T1/cmtt/m/n/10.95 /api/michwar/rides/:id/rate| 

Underfull \hbox (badness 10000) in paragraph at lines 410--410
[]|\T1/cmtt/m/n/10.95 generateLiveShareLink

Underfull \hbox (badness 10000) in paragraph at lines 410--410
[]|\T1/cmtt/m/n/10.95 POST

Overfull \hbox (44.62337pt too wide) in paragraph at lines 410--410
\T1/cmtt/m/n/10.95 /api/michwar/rides/:id/share| 
[5] [6] [7]
Overfull \hbox (18.70976pt too wide) in paragraph at lines 480--488
\T1/cmr/m/n/10.95 All au-thor-i-ta-tive, money-affecting, or matching-related l
ogic lives in \T1/cmtt/m/n/10.95 pocketbase/pb_hooks/*.pb.js\T1/cmr/m/n/10.95 ,

[8] [9]
Overfull \hbox (37.30566pt too wide) in paragraph at lines 592--597
[]\T1/cmr/bx/n/10.95 MICHWAR Points \T1/cmr/m/n/10.95 (the loy-alty cur-rency) 
are awarded on ev-ery com-pleted ride as $\OMS/cmsy/m/n/10.95 b[]\OML/cmm/m/it/
10.95 =\OT1/cmr/m/n/10.95 100\OMS/cmsy/m/n/10.95 c ^^B

Overfull \hbox (9.63104pt too wide) in paragraph at lines 618--625
\T1/cmtt/m/n/10.95 drivers \T1/cmr/m/n/10.95 where \T1/cmtt/m/n/10.95 isOnline 
= true\T1/cmr/m/n/10.95 , \T1/cmtt/m/n/10.95 isOnTrip = false\T1/cmr/m/n/10.95 
, \T1/cmtt/m/n/10.95 verificationStatus = 'approved'\T1/cmr/m/n/10.95 ,

Overfull \hbox (37.51189pt too wide) in paragraph at lines 627--630
[]\T1/cmr/m/n/10.95 If no can-di-dates are found, \T1/cmr/bx/n/10.95 dou-bles t
he ra-dius \T1/cmr/m/n/10.95 and re-peats, up to \T1/cmtt/m/n/10.95 MAX_DRIVER_
SEARCH_RADIUS_KM

Overfull \hbox (0.34512pt too wide) in paragraph at lines 636--644
\T1/cmr/m/n/10.95 rent po-si-tion to their home des-ti-na-tion (\T1/cmtt/m/n/10
.95 mwBearingDeg\T1/cmr/m/n/10.95 ) is within \T1/cmtt/m/n/10.95 headingHomeBea
ringTolerance
[10 <./figures//commission_tiers.pdf>]
Overfull \hbox (7.82652pt too wide) in paragraph at lines 658--670
\T1/cmr/m/n/10.95 formed by one of the \T1/cmtt/m/n/10.95 pb_hooks/12_rides.pb.
js \T1/cmr/m/n/10.95 routes run-ning in-side \T1/cmtt/m/n/10.95 $app.runInTrans
action()\T1/cmr/m/n/10.95 ,

Overfull \hbox (91.62671pt too wide) in paragraph at lines 699--704
 [][] 
[11 <./figures//geohash_matching.pdf>] [12]
Overfull \hbox (60.19157pt too wide) in paragraph at lines 778--795
\T1/cmr/m/n/10.95 ing []5[]); \T1/cmtt/m/n/10.95 authStateProvider \T1/cmr/m/n/
10.95 is a \T1/cmtt/m/n/10.95 StreamProvider<String?> \T1/cmr/m/n/10.95 de-rive
d from \T1/cmtt/m/n/10.95 AuthService.authStateChanges()\T1/cmr/m/n/10.95 ;

Overfull \hbox (1.48636pt too wide) in paragraph at lines 778--795
\T1/cmtt/m/n/10.95 walletProvider\T1/cmr/m/n/10.95 ). Each sub-scrip-tion im-me
-di-ately emits the cur-rent value via \T1/cmtt/m/n/10.95 getFirstListItem\T1/c
mr/m/n/10.95 ,
[13]
Overfull \hbox (54.90472pt too wide) in paragraph at lines 859--869
[]\T1/cmr/m/n/10.95 Listing []5[] shows \T1/cmtt/m/n/10.95 pocketbase_service.d
art\T1/cmr/m/n/10.95 : it re-solves the back-end base URL via \T1/cmtt/m/n/10.9
5 pocketbaseBaseUrl()\T1/cmr/m/n/10.95 ,

Overfull \hbox (20.29161pt too wide) in paragraph at lines 902--913
\T1/cmtt/m/n/10.95 pocketbase \T1/cmr/m/n/10.95 Dart pack-age's authentication-
state stream. Ver-sion 0.24.0 ex-poses \T1/cmtt/m/n/10.95 AuthStore.onChange
[14] (/usr/share/texlive/texmf-dist/tex/latex/listings/lstlang1.sty)
(/usr/share/texlive/texmf-dist/tex/latex/listings/lstlang1.sty) [15] [16]
Overfull \hbox (8.23183pt too wide) in paragraph at lines 1080--1084
 [][] 

Overfull \hbox (10.67998pt too wide) in paragraph at lines 1142--1151
\T1/cmtt/m/n/10.95 build/app/outputs/flutter-apk/app-release.apk \T1/cmr/m/n/10
.95 at ap-prox-i-mately \T1/cmr/bx/n/10.95 54MB \T1/cmr/m/n/10.95 (56,613,947 b
ytes).

Overfull \hbox (24.75914pt too wide) in paragraph at lines 1142--1151
\T1/cmr/m/n/10.95 An-droid Gra-dle plu-gin and stan-dard font-asset tree-shakin
g no-tices (e.g. \T1/cmtt/m/n/10.95 MaterialIcons-Regular.otf

Overfull \hbox (19.61879pt too wide) in paragraph at lines 1154--1157
\T1/cmr/m/n/10.95 The con-tainer-ized Pock-et-Base back-end was de-ployed to Fl
y.io un-der the ap-pli-ca-tion name \T1/cmtt/m/n/10.95 michwar-pb
[17] [18 <./figures//codebase_composition.pdf>]
Overfull \hbox (32.6579pt too wide) in paragraph at lines 1170--1177
\T1/cmr/m/n/10.95 The re-lease APK was then re-built with \T1/cmtt/m/n/10.95 --
dart-define=POCKETBASE_URL=https://michwar-pb.fly.dev

Underfull \hbox (badness 10000) in paragraph at lines 1236--1236
[]|\T1/cmtt/m/n/10.95 flutter build

Underfull \hbox (badness 10000) in paragraph at lines 1237--1238
\T1/cmr/m/n/10.95 with-out ever run-ning

Underfull \hbox (badness 10000) in paragraph at lines 1237--1238
\T1/cmtt/m/n/10.95 flutter create\T1/cmr/m/n/10.95 , so

Underfull \hbox (badness 10000) in paragraph at lines 1237--1238
\T1/cmtt/m/n/10.95 android/ \T1/cmr/m/n/10.95 (and other

Underfull \hbox (badness 10000) in paragraph at lines 1239--1241
[]|\T1/cmr/m/n/10.95 Ran \T1/cmtt/m/n/10.95 flutter create .

Underfull \hbox (badness 10000) in paragraph at lines 1239--1241
\T1/cmr/m/n/10.95 from the project root,

Underfull \hbox (badness 7832) in paragraph at lines 1239--1241
\T1/cmr/m/n/10.95 which scaf-folds plat-form

Underfull \hbox (badness 1077) in paragraph at lines 1239--1241
\T1/cmr/m/n/10.95 projects with-out touch-ing

Underfull \hbox (badness 10000) in paragraph at lines 1242--1243
[]|\T1/cmr/m/n/10.95 Same er-ror per-

Underfull \hbox (badness 10000) in paragraph at lines 1242--1243
\T1/cmr/m/n/10.95 sisted af-ter scaf-

Underfull \hbox (badness 10000) in paragraph at lines 1242--1243
\T1/cmr/m/n/10.95 fold-ing, with

Overfull \hbox (89.98706pt too wide) in paragraph at lines 1242--1243
\T1/cmtt/m/n/10.95 --dart-define=POCKETBASE_URL=<...>| 

Underfull \hbox (badness 5231) in paragraph at lines 1244--1245
\T1/cmr/m/n/10.95 ac-ters in the ex-am-ple

Underfull \hbox (badness 1043) in paragraph at lines 1244--1245
\T1/cmr/m/n/10.95 URL are in-ter-preted as

Overfull \hbox (4.91806pt too wide) in paragraph at lines 1246--1248
\T1/cmtt/m/n/10.95 http://192.168.1.50:8090| 

Underfull \hbox (badness 10000) in paragraph at lines 1249--1250
\T1/cmtt/m/n/10.95 AuthStore.record

Underfull \hbox (badness 10000) in paragraph at lines 1249--1250
\T1/cmr/m/n/10.95 not de-fined,

Underfull \hbox (badness 10000) in paragraph at lines 1249--1250
\T1/cmtt/m/n/10.95 onChange \T1/cmr/m/n/10.95 not

Underfull \hbox (badness 10000) in paragraph at lines 1249--1250
\T1/cmr/m/n/10.95 in-vok-able, \T1/cmtt/m/n/10.95 void

Underfull \hbox (badness 5091) in paragraph at lines 1251--1253
[]|\T1/cmtt/m/n/10.95 pocketbase \T1/cmr/m/n/10.95 Dart SDK

Underfull \hbox (badness 1584) in paragraph at lines 1251--1253
\T1/cmtt/m/n/10.95 AuthStore \T1/cmr/m/n/10.95 API (\T1/cmtt/m/n/10.95 model\T1
/cmr/m/n/10.95 ,

Underfull \hbox (badness 3219) in paragraph at lines 1251--1253
\T1/cmr/m/n/10.95 dif-fers from the 0.24.x

Underfull \hbox (badness 10000) in paragraph at lines 1254--1258
[]|\T1/cmr/m/n/10.95 Bumped \T1/cmtt/m/n/10.95 pocketbase:

Underfull \hbox (badness 10000) in paragraph at lines 1254--1258
\T1/cmtt/m/n/10.95 ^0.18.1 $\OMS/cmsy/m/n/10.95 !$ \T1/cmtt/m/n/10.95 ^0.24.0\T
1/cmr/m/n/10.95 ;

Underfull \hbox (badness 10000) in paragraph at lines 1254--1258
\T1/cmr/m/n/10.95 rewrote \T1/cmtt/m/n/10.95 signOut \T1/cmr/m/n/10.95 as

Underfull \hbox (badness 10000) in paragraph at lines 1254--1258
\T1/cmtt/m/n/10.95 Future<void>\T1/cmr/m/n/10.95 ; rewrote

Underfull \hbox (badness 10000) in paragraph at lines 1254--1258
\T1/cmtt/m/n/10.95 authStateChanges()

Underfull \hbox (badness 10000) in paragraph at lines 1254--1258
\T1/cmr/m/n/10.95 to con-sume

Underfull \hbox (badness 10000) in paragraph at lines 1254--1258
\T1/cmtt/m/n/10.95 Stream<AuthStoreEvent>

Underfull \hbox (badness 10000) in paragraph at lines 1259--1260
[]|\T1/cmtt/m/n/10.95 flutter pub get\T1/cmr/m/n/10.95 :

Underfull \hbox (badness 5417) in paragraph at lines 1259--1260
\T1/cmr/m/n/10.95 "Got socket er-ror

Underfull \hbox (badness 3884) in paragraph at lines 1259--1260
\T1/cmr/m/n/10.95 age pock-et-base at

Underfull \hbox (badness 1168) in paragraph at lines 1262--1263
[]|\T1/cmr/m/n/10.95 Retried \T1/cmtt/m/n/10.95 flutter pub get\T1/cmr/m/n/10.9
5 ;

Underfull \hbox (badness 10000) in paragraph at lines 1264--1267
[]|\T1/cmtt/m/n/10.95 fly launch \T1/cmr/m/n/10.95 /

Underfull \hbox (badness 10000) in paragraph at lines 1264--1267
\T1/cmtt/m/n/10.95 fly deploy\T1/cmr/m/n/10.95 : re-

Underfull \hbox (badness 10000) in paragraph at lines 1264--1267
\T1/cmr/m/n/10.95 peated \T1/cmtt/m/n/10.95 read tcp

Underfull \hbox (badness 10000) in paragraph at lines 1264--1267
\T1/cmtt/m/n/10.95 ... wsarecv:

Underfull \hbox (badness 10000) in paragraph at lines 1264--1267
\T1/cmtt/m/n/10.95 A connection

Underfull \hbox (badness 10000) in paragraph at lines 1264--1267
\T1/cmtt/m/n/10.95 attempt failed\T1/cmr/m/n/10.95 ,

Underfull \hbox (badness 10000) in paragraph at lines 1264--1267
\T1/cmtt/m/n/10.95 dial tcp ...

Underfull \hbox (badness 10000) in paragraph at lines 1264--1267
\T1/cmtt/m/n/10.95 connectex: A

Underfull \hbox (badness 10000) in paragraph at lines 1264--1267
\T1/cmtt/m/n/10.95 connection

Underfull \hbox (badness 10000) in paragraph at lines 1264--1267
\T1/cmtt/m/n/10.95 attempt

Underfull \hbox (badness 10000) in paragraph at lines 1264--1267
\T1/cmtt/m/n/10.95 failed\T1/cmr/m/n/10.95 , \T1/cmtt/m/n/10.95 lookup

Underfull \hbox (badness 10000) in paragraph at lines 1264--1267
\T1/cmtt/m/n/10.95 api.fly.io: no

Underfull \hbox (badness 10000) in paragraph at lines 1268--1270
[]|\T1/cmr/m/n/10.95 Intermittent con-nec-tiv-

Underfull \hbox (badness 3579) in paragraph at lines 1268--1270
\T1/cmr/m/n/10.95 ity from the Win-dows

Underfull \hbox (badness 10000) in paragraph at lines 1268--1270
\T1/cmr/m/n/10.95 de-vel-op-ment ma-chine

Underfull \hbox (badness 10000) in paragraph at lines 1268--1270
\T1/cmr/m/n/10.95 with TLS-inspecting

Underfull \hbox (badness 1173) in paragraph at lines 1268--1270
\T1/cmr/m/n/10.95 an-tivirus/-fire-wall or un-

Underfull \hbox (badness 10000) in paragraph at lines 1271--1275
[]|\T1/cmr/m/n/10.95 Diagnosed via

Underfull \hbox (badness 10000) in paragraph at lines 1271--1275
\T1/cmtt/m/n/10.95 Test-NetConnection

Underfull \hbox (badness 10000) in paragraph at lines 1271--1275
\T1/cmtt/m/n/10.95 api.fly.io -Port 443

Underfull \hbox (badness 10000) in paragraph at lines 1271--1275
\T1/cmr/m/n/10.95 re-tried af-ter switch-ing

Underfull \hbox (badness 10000) in paragraph at lines 1271--1275
\T1/cmr/m/n/10.95 net-work and an-swer-ing

Underfull \hbox (badness 1412) in paragraph at lines 1271--1275
\T1/cmr/m/n/10.95 launch prompts with the

Underfull \hbox (badness 1762) in paragraph at lines 1271--1275
\T1/cmr/m/n/10.95 doc-u-mented val-ues (\T1/cmtt/m/n/10.95 n \T1/cmr/m/n/10.95 
to

Underfull \hbox (badness 2564) in paragraph at lines 1276--1277
\T1/cmr/m/n/10.95 built (18MB) and

Underfull \hbox (badness 10000) in paragraph at lines 1276--1277
\T1/cmr/m/n/10.95 "\T1/cmtt/m/n/10.95 Error: timeout

Underfull \hbox (badness 10000) in paragraph at lines 1276--1277
\T1/cmtt/m/n/10.95 reached waiting

Underfull \hbox (badness 10000) in paragraph at lines 1276--1277
\T1/cmtt/m/n/10.95 for machine's

Underfull \hbox (badness 10000) in paragraph at lines 1278--1280
[]|\T1/cmtt/m/n/10.95 fly logs \T1/cmr/m/n/10.95 re-vealed

Underfull \hbox (badness 10000) in paragraph at lines 1278--1280
\T1/cmr/m/n/10.95 the con-tainer it-self

Underfull \hbox (badness 10000) in paragraph at lines 1278--1280
\T1/cmtt/m/n/10.95 to apply migration

Underfull \hbox (badness 10000) in paragraph at lines 1278--1280
\T1/cmtt/m/n/10.95 1700000001_users.js:

Underfull \hbox (badness 10000) in paragraph at lines 1278--1280
\T1/cmtt/m/n/10.95 name: Collection

Underfull \hbox (badness 10000) in paragraph at lines 1278--1280
\T1/cmtt/m/n/10.95 name must be unique

Underfull \hbox (badness 10000) in paragraph at lines 1281--1285
[]|\T1/cmr/m/n/10.95 PocketBase $\OMS/cmsy/m/n/10.95 ^^U$\T1/cmr/m/n/10.95 0.23
 auto-

Underfull \hbox (badness 5388) in paragraph at lines 1281--1285
\T1/cmr/m/n/10.95 creates a de-fault \T1/cmtt/m/n/10.95 users

Underfull \hbox (badness 5939) in paragraph at lines 1281--1285
\T1/cmr/m/n/10.95 database; the mi-gra-tion

Underfull \hbox (badness 3354) in paragraph at lines 1281--1285
\T1/cmr/m/n/10.95 col-lec-tion be-fore cre-at-ing

Underfull \hbox (badness 10000) in paragraph at lines 1281--1285
\T1/cmr/m/n/10.95 the ap-pli-ca-tion's \T1/cmtt/m/n/10.95 users
[19] [20 <./figures//fare_breakdown.pdf> <./figures//debug_timeline.pdf>]
[21]
Overfull \hbox (27.7095pt too wide) in paragraph at lines 1344--1359
\T1/cmr/m/n/10.95 that \T1/cmr/m/it/10.95 no client write can di-rectly pro-duc
e a bil-l-able num-ber\T1/cmr/m/n/10.95 . The \T1/cmtt/m/n/10.95 rides\T1/cmr/m
/n/10.95 , \T1/cmtt/m/n/10.95 wallets\T1/cmr/m/n/10.95 , \T1/cmtt/m/n/10.95 wal
let_transactions\T1/cmr/m/n/10.95 ,

Overfull \hbox (10.33163pt too wide) in paragraph at lines 1366--1372
[]\T1/cmr/bx/n/10.95 Pin and ver-ify SDK ver-sions against the server ver-sion 
they tar-get. \T1/cmr/m/n/10.95 The \T1/cmtt/m/n/10.95 pocketbase
[22]
Overfull \hbox (1.48326pt too wide) in paragraph at lines 1406--1410
[]\T1/cmtt/m/n/10.95 POST /api/michwar/wallet/topup \T1/cmr/m/n/10.95 cur-rentl
y cred-its a driver's wal-let di-rectly on call, which

Overfull \hbox (22.22333pt too wide) in paragraph at lines 1425--1434
\T1/cmr/m/n/10.95 iOS/web re-lease ar-ti-facts along-side the An-droid APK, us-
ing the same \T1/cmtt/m/n/10.95 --dart-define=POCKETBASE_URL
[23] [24] (./main.aux) )
(see the transcript file for additional information) </sessions/great-gallant-d
ijkstra/.texlive2021/texmf-var/fonts/pk/ljfour/jknappen/ec/tcrm1095.600pk> </se
ssions/great-gallant-dijkstra/.texlive2021/texmf-var/fonts/pk/ljfour/jknappen/e
c/ecrm0900.600pk> </sessions/great-gallant-dijkstra/.texlive2021/texmf-var/font
s/pk/ljfour/jknappen/ec/ectt1200.600pk> </sessions/great-gallant-dijkstra/.texl
ive2021/texmf-var/fonts/pk/ljfour/jknappen/ec/ectt0900.600pk> </sessions/great-
gallant-dijkstra/.texlive2021/texmf-var/fonts/pk/ljfour/jknappen/ec/ecit0900.60
0pk> </sessions/great-gallant-dijkstra/.texlive2021/texmf-var/fonts/pk/ljfour/j
knappen/ec/ecrm0600.600pk> </sessions/great-gallant-dijkstra/.texlive2021/texmf
-var/fonts/pk/ljfour/jknappen/ec/ecti1095.600pk> </sessions/great-gallant-dijks
tra/.texlive2021/texmf-var/fonts/pk/ljfour/jknappen/ec/ectt1095.600pk> </sessio
ns/great-gallant-dijkstra/.texlive2021/texmf-var/fonts/pk/ljfour/jknappen/ec/ec
rm1095.600pk> </sessions/great-gallant-dijkstra/.texlive2021/texmf-var/fonts/pk
/ljfour/jknappen/ec/ecbx1095.600pk> </sessions/great-gallant-dijkstra/.texlive2
021/texmf-var/fonts/pk/ljfour/jknappen/ec/ecbx1440.600pk> </sessions/great-gall
ant-dijkstra/.texlive2021/texmf-var/fonts/pk/ljfour/jknappen/ec/ectt1000.600pk>
 </sessions/great-gallant-dijkstra/.texlive2021/texmf-var/fonts/pk/ljfour/jknap
pen/ec/ecti1000.600pk> </sessions/great-gallant-dijkstra/.texlive2021/texmf-var
/fonts/pk/ljfour/jknappen/ec/ecrm1000.600pk> </sessions/great-gallant-dijkstra/
.texlive2021/texmf-var/fonts/pk/ljfour/jknappen/ec/ecbx1000.600pk> </sessions/g
reat-gallant-dijkstra/.texlive2021/texmf-var/fonts/pk/ljfour/jknappen/ec/ecbx12
00.600pk> </sessions/great-gallant-dijkstra/.texlive2021/texmf-var/fonts/pk/ljf
our/jknappen/ec/ecrm1200.600pk> </sessions/great-gallant-dijkstra/.texlive2021/
texmf-var/fonts/pk/ljfour/jknappen/ec/ecrm1440.600pk> </sessions/great-gallant-
dijkstra/.texlive2021/texmf-var/fonts/pk/ljfour/jknappen/ec/ecbx2488.600pk></us
r/share/texlive/texmf-dist/fonts/type1/public/amsfonts/cm/cmmi10.pfb></usr/shar
e/texlive/texmf-dist/fonts/type1/public/amsfonts/cm/cmr10.pfb></usr/share/texli
ve/texmf-dist/fonts/type1/public/amsfonts/cm/cmr8.pfb></usr/share/texlive/texmf
-dist/fonts/type1/public/amsfonts/cm/cmsy10.pfb></usr/share/texlive/texmf-dist/
fonts/type1/public/amsfonts/cm/cmsy8.pfb>
Output written on main.pdf (24 pages, 461469 bytes).
Transcript written on main.log.
